\BOOKMARK [1][-]{section*.2}{Contents}{}
\BOOKMARK [1][-]{section.1}{Module htd\137actions\137library\137top}{}
\BOOKMARK [2][-]{subsection.1.1}{Variables}{section.1}
\BOOKMARK [2][-]{subsection.1.2}{Class REG}{section.1}
\BOOKMARK [3][-]{subsubsection.1.2.1}{Methods}{subsection.1.2}
\BOOKMARK [3][-]{subsubsection.1.2.2}{Properties}{subsection.1.2}
\BOOKMARK [3][-]{subsubsection.1.2.3}{Class Variables}{subsection.1.2}
\BOOKMARK [2][-]{subsection.1.3}{Class CACHEPLOAD}{section.1}
\BOOKMARK [3][-]{subsubsection.1.3.1}{Methods}{subsection.1.3}
\BOOKMARK [3][-]{subsubsection.1.3.2}{Properties}{subsection.1.3}
\BOOKMARK [3][-]{subsubsection.1.3.3}{Class Variables}{subsection.1.3}
\BOOKMARK [1][-]{section.2}{Module htd\137basic\137action}{}
\BOOKMARK [2][-]{subsection.2.1}{Functions}{section.2}
\BOOKMARK [2][-]{subsection.2.2}{Variables}{section.2}
\BOOKMARK [2][-]{subsection.2.3}{Class htd\137base\137action}{section.2}
\BOOKMARK [3][-]{subsubsection.2.3.1}{Methods}{subsection.2.3}
\BOOKMARK [3][-]{subsubsection.2.3.2}{Properties}{subsection.2.3}
\BOOKMARK [3][-]{subsubsection.2.3.3}{Class Variables}{subsection.2.3}
\BOOKMARK [1][-]{section.3}{Module htd\137basic\137flow}{}
\BOOKMARK [2][-]{subsection.3.1}{Variables}{section.3}
\BOOKMARK [2][-]{subsection.3.2}{Class htd\137segment}{section.3}
\BOOKMARK [3][-]{subsubsection.3.2.1}{Methods}{subsection.3.2}
\BOOKMARK [3][-]{subsubsection.3.2.2}{Properties}{subsection.3.2}
\BOOKMARK [2][-]{subsection.3.3}{Class htd\137base\137flow}{section.3}
\BOOKMARK [3][-]{subsubsection.3.3.1}{Methods}{subsection.3.3}
\BOOKMARK [3][-]{subsubsection.3.3.2}{Properties}{subsection.3.3}
\BOOKMARK [3][-]{subsubsection.3.3.3}{Class Variables}{subsection.3.3}
\BOOKMARK [2][-]{subsection.3.4}{Class htd\137ip\137segment}{section.3}
\BOOKMARK [3][-]{subsubsection.3.4.1}{Methods}{subsection.3.4}
\BOOKMARK [3][-]{subsubsection.3.4.2}{Properties}{subsection.3.4}
\BOOKMARK [2][-]{subsection.3.5}{Class htd\137flow\137segment}{section.3}
\BOOKMARK [3][-]{subsubsection.3.5.1}{Methods}{subsection.3.5}
\BOOKMARK [3][-]{subsubsection.3.5.2}{Properties}{subsection.3.5}
\BOOKMARK [1][-]{section.4}{Module htd\137clocks}{}
\BOOKMARK [2][-]{subsection.4.1}{Variables}{section.4}
\BOOKMARK [2][-]{subsection.4.2}{Class htd\137clocks}{section.4}
\BOOKMARK [3][-]{subsubsection.4.2.1}{Methods}{subsection.4.2}
\BOOKMARK [3][-]{subsubsection.4.2.2}{Properties}{subsection.4.2}
\BOOKMARK [1][-]{section.5}{Module htd\137collaterals}{}
\BOOKMARK [2][-]{subsection.5.1}{Variables}{section.5}
\BOOKMARK [2][-]{subsection.5.2}{Class htd\137collaterals}{section.5}
\BOOKMARK [3][-]{subsubsection.5.2.1}{Methods}{subsection.5.2}
\BOOKMARK [3][-]{subsubsection.5.2.2}{Properties}{subsection.5.2}
\BOOKMARK [1][-]{section.6}{Module htd\137gen\137action}{}
\BOOKMARK [2][-]{subsection.6.1}{Variables}{section.6}
\BOOKMARK [2][-]{subsection.6.2}{Class GEN}{section.6}
\BOOKMARK [3][-]{subsubsection.6.2.1}{Methods}{subsection.6.2}
\BOOKMARK [3][-]{subsubsection.6.2.2}{Properties}{subsection.6.2}
\BOOKMARK [3][-]{subsubsection.6.2.3}{Class Variables}{subsection.6.2}
\BOOKMARK [1][-]{section.7}{Module htd\137signal\137action}{}
\BOOKMARK [2][-]{subsection.7.1}{Variables}{section.7}
\BOOKMARK [2][-]{subsection.7.2}{Class SIG}{section.7}
\BOOKMARK [3][-]{subsubsection.7.2.1}{Methods}{subsection.7.2}
\BOOKMARK [3][-]{subsubsection.7.2.2}{Properties}{subsection.7.2}
\BOOKMARK [3][-]{subsubsection.7.2.3}{Class Variables}{subsection.7.2}
\BOOKMARK [1][-]{section.8}{Module htd\137tap\137action}{}
\BOOKMARK [2][-]{subsection.8.1}{Variables}{section.8}
\BOOKMARK [2][-]{subsection.8.2}{Class TAP}{section.8}
\BOOKMARK [3][-]{subsubsection.8.2.1}{Methods}{subsection.8.2}
\BOOKMARK [3][-]{subsubsection.8.2.2}{Properties}{subsection.8.2}
\BOOKMARK [3][-]{subsubsection.8.2.3}{Class Variables}{subsection.8.2}
\BOOKMARK [1][-]{section.9}{Module htd\137te\137manager}{}
\BOOKMARK [2][-]{subsection.9.1}{Variables}{section.9}
\BOOKMARK [1][-]{section.10}{Module htd\137utilities}{}
\BOOKMARK [2][-]{subsection.10.1}{Functions}{section.10}
\BOOKMARK [2][-]{subsection.10.2}{Variables}{section.10}
\BOOKMARK [2][-]{subsection.10.3}{Class htd\137action\137argument\137entry}{section.10}
\BOOKMARK [3][-]{subsubsection.10.3.1}{Methods}{subsection.10.3}
\BOOKMARK [3][-]{subsubsection.10.3.2}{Properties}{subsection.10.3}
\BOOKMARK [2][-]{subsection.10.4}{Class Logger}{section.10}
\BOOKMARK [3][-]{subsubsection.10.4.1}{Methods}{subsection.10.4}
\BOOKMARK [3][-]{subsubsection.10.4.2}{Properties}{subsection.10.4}
\BOOKMARK [2][-]{subsection.10.5}{Class htd\137argument\137containter}{section.10}
\BOOKMARK [3][-]{subsubsection.10.5.1}{Methods}{subsection.10.5}
\BOOKMARK [3][-]{subsubsection.10.5.2}{Properties}{subsection.10.5}
\BOOKMARK [1][-]{section*.4}{Index}{}
