This is pdfeTeX, Version 3.141592-1.21a-2.2 (Web2C 7.5.4) (format=latex 2006.2.21)  26 AUG 2014 14:23
entering extended mode
**api.tex
(./api.tex
LaTeX2e <2003/12/01>
Babel <v3.8d> and hyphenation patterns for american, french, german, ngerman, b
ahasa, basque, bulgarian, catalan, croatian, czech, danish, dutch, esperanto, e
stonian, finnish, greek, icelandic, irish, italian, latin, magyar, norsk, polis
h, portuges, romanian, russian, serbian, slovak, slovene, spanish, swedish, tur
kish, ukrainian, nohyphenation, loaded.
(/usr/intel/pkgs/teTeX/3.0/share/texmf/tex/latex/base/article.cls
Document Class: article 2004/02/16 v1.4f Standard LaTeX document class
(/usr/intel/pkgs/teTeX/3.0/share/texmf/tex/latex/base/size10.clo
File: size10.clo 2004/02/16 v1.4f Standard LaTeX file (size option)
)
\c@part=\count79
\c@section=\count80
\c@subsection=\count81
\c@subsubsection=\count82
\c@paragraph=\count83
\c@subparagraph=\count84
\c@figure=\count85
\c@table=\count86
\abovecaptionskip=\skip41
\belowcaptionskip=\skip42
\bibindent=\dimen102
)
(/usr/intel/pkgs/teTeX/3.0/share/texmf/tex/latex/base/alltt.sty
Package: alltt 1997/06/16 v2.0g defines alltt environment
)
(/usr/intel/pkgs/teTeX/3.0/share/texmf/tex/latex/parskip/parskip.sty
Package: parskip 2001/04/09 non-zero parskip adjustments
)
(/usr/intel/pkgs/teTeX/3.0/share/texmf/tex/latex/fancyhdr/fancyhdr.sty
\fancy@headwidth=\skip43
\f@ncyO@elh=\skip44
\f@ncyO@erh=\skip45
\f@ncyO@olh=\skip46
\f@ncyO@orh=\skip47
\f@ncyO@elf=\skip48
\f@ncyO@erf=\skip49
\f@ncyO@olf=\skip50
\f@ncyO@orf=\skip51
)
(/usr/intel/pkgs/teTeX/3.0/share/texmf/tex/latex/boxedminipage/boxedminipage.st
y) (/usr/intel/pkgs/teTeX/3.0/share/texmf/tex/latex/base/makeidx.sty
Package: makeidx 2000/03/29 v1.0m Standard LaTeX package
)
(/usr/intel/pkgs/teTeX/3.0/share/texmf/tex/latex/multirow/multirow.sty
\bigstrutjot=\dimen103
)
(/usr/intel/pkgs/teTeX/3.0/share/texmf/tex/latex/tools/longtable.sty
Package: longtable 2004/02/01 v4.11 Multi-page Table package (DPC)
\LTleft=\skip52
\LTright=\skip53
\LTpre=\skip54
\LTpost=\skip55
\LTchunksize=\count87
\LTcapwidth=\dimen104
\LT@head=\box26
\LT@firsthead=\box27
\LT@foot=\box28
\LT@lastfoot=\box29
\LT@cols=\count88
\LT@rows=\count89
\c@LT@tables=\count90
\c@LT@chunks=\count91
\LT@p@ftn=\toks14
)
(/usr/intel/pkgs/teTeX/3.0/share/texmf/tex/latex/tocbibind/tocbibind.sty
Package: tocbibind 2003/03/13 v1.5g extra ToC listings


Package tocbibind Note: The document has section divisions.


Package tocbibind Note: Using section or other style headings.

) (/usr/intel/pkgs/teTeX/3.0/share/texmf/tex/latex/amsfonts/amssymb.sty
Package: amssymb 2002/01/22 v2.2d

(/usr/intel/pkgs/teTeX/3.0/share/texmf/tex/latex/amsfonts/amsfonts.sty
Package: amsfonts 2001/10/25 v2.2f
\@emptytoks=\toks15
\symAMSa=\mathgroup4
\symAMSb=\mathgroup5
LaTeX Font Info:    Overwriting math alphabet `\mathfrak' in version `bold'
(Font)                  U/euf/m/n --> U/euf/b/n on input line 132.
))
(/usr/intel/pkgs/teTeX/3.0/share/texmf/tex/latex/preprint/fullpage.sty
Package: fullpage 1999/02/23 1.1 (PWD)
\FP@margin=\skip56
)
(/usr/intel/pkgs/teTeX/3.0/share/texmf/tex/latex/graphics/color.sty
Package: color 1999/02/16 v1.0i Standard LaTeX Color (DPC)

(/usr/intel/pkgs/teTeX/3.0/share/texmf/tex/latex/graphics/color.cfg
File: color.cfg 2005/02/03 v1.3 color configuration of teTeX/TeXLive
)
Package color Info: Driver file: dvips.def on input line 125.

(/usr/intel/pkgs/teTeX/3.0/share/texmf/tex/latex/graphics/dvips.def
File: dvips.def 1999/02/16 v3.0i Driver-dependant file (DPC,SPQR)
)
(/usr/intel/pkgs/teTeX/3.0/share/texmf/tex/latex/graphics/dvipsnam.def
File: dvipsnam.def 1999/02/16 v3.0i Driver-dependant file (DPC,SPQR)
))
\BCL=\skip57
Package color Info: Redefining color py@inputcolour on input line 35.
\funcindent=\skip58
\funcwidth=\skip59
\varindent=\skip60
\varnamewidth=\skip61
\vardescrwidth=\skip62
\varwidth=\skip63

(/usr/intel/pkgs/teTeX/3.0/share/texmf/tex/latex/base/inputenc.sty
Package: inputenc 2004/02/05 v1.0d Input encoding file

(/usr/intel/pkgs/teTeX/3.0/share/texmf/tex/latex/base/utf8.def
File: utf8.def 2004/02/09 v1.1b UTF-8 support for inputenc
Now handling font encoding OML ...
... no UTF-8 mapping file for font encoding OML
Now handling font encoding T1 ...
... processing UTF-8 mapping file for font encoding T1

(/usr/intel/pkgs/teTeX/3.0/share/texmf/tex/latex/base/t1enc.dfu
File: t1enc.dfu 2004/02/09 v1.1b UTF-8 support for inputenc
   defining Unicode char U+00A1 (decimal 161)
   defining Unicode char U+00A3 (decimal 163)
   defining Unicode char U+00AB (decimal 171)
   defining Unicode char U+00BB (decimal 187)
   defining Unicode char U+00BF (decimal 191)
   defining Unicode char U+00C0 (decimal 192)
   defining Unicode char U+00C1 (decimal 193)
   defining Unicode char U+00C2 (decimal 194)
   defining Unicode char U+00C3 (decimal 195)
   defining Unicode char U+00C4 (decimal 196)
   defining Unicode char U+00C5 (decimal 197)
   defining Unicode char U+00C6 (decimal 198)
   defining Unicode char U+00C7 (decimal 199)
   defining Unicode char U+00C8 (decimal 200)
   defining Unicode char U+00C9 (decimal 201)
   defining Unicode char U+00CA (decimal 202)
   defining Unicode char U+00CB (decimal 203)
   defining Unicode char U+00CC (decimal 204)
   defining Unicode char U+00CD (decimal 205)
   defining Unicode char U+00CE (decimal 206)
   defining Unicode char U+00CF (decimal 207)
   defining Unicode char U+00D0 (decimal 208)
   defining Unicode char U+00D1 (decimal 209)
   defining Unicode char U+00D2 (decimal 210)
   defining Unicode char U+00D3 (decimal 211)
   defining Unicode char U+00D4 (decimal 212)
   defining Unicode char U+00D5 (decimal 213)
   defining Unicode char U+00D6 (decimal 214)
   defining Unicode char U+00D8 (decimal 216)
   defining Unicode char U+00D9 (decimal 217)
   defining Unicode char U+00DA (decimal 218)
   defining Unicode char U+00DB (decimal 219)
   defining Unicode char U+00DC (decimal 220)
   defining Unicode char U+00DD (decimal 221)
   defining Unicode char U+00DE (decimal 222)
   defining Unicode char U+00DF (decimal 223)
   defining Unicode char U+00E0 (decimal 224)
   defining Unicode char U+00E1 (decimal 225)
   defining Unicode char U+00E2 (decimal 226)
   defining Unicode char U+00E3 (decimal 227)
   defining Unicode char U+00E4 (decimal 228)
   defining Unicode char U+00E5 (decimal 229)
   defining Unicode char U+00E6 (decimal 230)
   defining Unicode char U+00E7 (decimal 231)
   defining Unicode char U+00E8 (decimal 232)
   defining Unicode char U+00E9 (decimal 233)
   defining Unicode char U+00EA (decimal 234)
   defining Unicode char U+00EB (decimal 235)
   defining Unicode char U+00EC (decimal 236)
   defining Unicode char U+00ED (decimal 237)
   defining Unicode char U+00EE (decimal 238)
   defining Unicode char U+00EF (decimal 239)
   defining Unicode char U+00F0 (decimal 240)
   defining Unicode char U+00F1 (decimal 241)
   defining Unicode char U+00F2 (decimal 242)
   defining Unicode char U+00F3 (decimal 243)
   defining Unicode char U+00F4 (decimal 244)
   defining Unicode char U+00F5 (decimal 245)
   defining Unicode char U+00F6 (decimal 246)
   defining Unicode char U+00F8 (decimal 248)
   defining Unicode char U+00F9 (decimal 249)
   defining Unicode char U+00FA (decimal 250)
   defining Unicode char U+00FB (decimal 251)
   defining Unicode char U+00FC (decimal 252)
   defining Unicode char U+00FD (decimal 253)
   defining Unicode char U+00FE (decimal 254)
   defining Unicode char U+00FF (decimal 255)
   defining Unicode char U+0102 (decimal 258)
   defining Unicode char U+0103 (decimal 259)
   defining Unicode char U+0104 (decimal 260)
   defining Unicode char U+0105 (decimal 261)
   defining Unicode char U+0106 (decimal 262)
   defining Unicode char U+0107 (decimal 263)
   defining Unicode char U+010C (decimal 268)
   defining Unicode char U+010D (decimal 269)
   defining Unicode char U+010E (decimal 270)
   defining Unicode char U+010F (decimal 271)
   defining Unicode char U+0110 (decimal 272)
   defining Unicode char U+0111 (decimal 273)
   defining Unicode char U+0118 (decimal 280)
   defining Unicode char U+0119 (decimal 281)
   defining Unicode char U+011A (decimal 282)
   defining Unicode char U+011B (decimal 283)
   defining Unicode char U+011E (decimal 286)
   defining Unicode char U+011F (decimal 287)
   defining Unicode char U+0130 (decimal 304)
   defining Unicode char U+0131 (decimal 305)
   defining Unicode char U+0139 (decimal 313)
   defining Unicode char U+013A (decimal 314)
   defining Unicode char U+013D (decimal 317)
   defining Unicode char U+013E (decimal 318)
   defining Unicode char U+0141 (decimal 321)
   defining Unicode char U+0142 (decimal 322)
   defining Unicode char U+0143 (decimal 323)
   defining Unicode char U+0144 (decimal 324)
   defining Unicode char U+0147 (decimal 327)
   defining Unicode char U+0148 (decimal 328)
   defining Unicode char U+014A (decimal 330)
   defining Unicode char U+014B (decimal 331)
   defining Unicode char U+0150 (decimal 336)
   defining Unicode char U+0151 (decimal 337)
   defining Unicode char U+0152 (decimal 338)
   defining Unicode char U+0153 (decimal 339)
   defining Unicode char U+0154 (decimal 340)
   defining Unicode char U+0155 (decimal 341)
   defining Unicode char U+0158 (decimal 344)
   defining Unicode char U+0159 (decimal 345)
   defining Unicode char U+015A (decimal 346)
   defining Unicode char U+015B (decimal 347)
   defining Unicode char U+015E (decimal 350)
   defining Unicode char U+015F (decimal 351)
   defining Unicode char U+0160 (decimal 352)
   defining Unicode char U+0161 (decimal 353)
   defining Unicode char U+0162 (decimal 354)
   defining Unicode char U+0163 (decimal 355)
   defining Unicode char U+0164 (decimal 356)
   defining Unicode char U+0165 (decimal 357)
   defining Unicode char U+016E (decimal 366)
   defining Unicode char U+016F (decimal 367)
   defining Unicode char U+0170 (decimal 368)
   defining Unicode char U+0171 (decimal 369)
   defining Unicode char U+0178 (decimal 376)
   defining Unicode char U+0179 (decimal 377)
   defining Unicode char U+017A (decimal 378)
   defining Unicode char U+017B (decimal 379)
   defining Unicode char U+017C (decimal 380)
   defining Unicode char U+017D (decimal 381)
   defining Unicode char U+017E (decimal 382)
   defining Unicode char U+200C (decimal 8204)
   defining Unicode char U+2013 (decimal 8211)
   defining Unicode char U+2014 (decimal 8212)
   defining Unicode char U+2018 (decimal 8216)
   defining Unicode char U+2019 (decimal 8217)
   defining Unicode char U+201A (decimal 8218)
   defining Unicode char U+201C (decimal 8220)
   defining Unicode char U+201D (decimal 8221)
   defining Unicode char U+201E (decimal 8222)
   defining Unicode char U+2030 (decimal 8240)
   defining Unicode char U+2031 (decimal 8241)
   defining Unicode char U+2039 (decimal 8249)
   defining Unicode char U+203A (decimal 8250)
   defining Unicode char U+2423 (decimal 9251)
)
Now handling font encoding OT1 ...
... processing UTF-8 mapping file for font encoding OT1

(/usr/intel/pkgs/teTeX/3.0/share/texmf/tex/latex/base/ot1enc.dfu
File: ot1enc.dfu 2004/02/09 v1.1b UTF-8 support for inputenc
   defining Unicode char U+00A1 (decimal 161)
   defining Unicode char U+00A3 (decimal 163)
   defining Unicode char U+00B8 (decimal 184)
   defining Unicode char U+00BF (decimal 191)
   defining Unicode char U+00C5 (decimal 197)
   defining Unicode char U+00C6 (decimal 198)
   defining Unicode char U+00D8 (decimal 216)
   defining Unicode char U+00DF (decimal 223)
   defining Unicode char U+00E6 (decimal 230)
   defining Unicode char U+00EC (decimal 236)
   defining Unicode char U+00ED (decimal 237)
   defining Unicode char U+00EE (decimal 238)
   defining Unicode char U+00EF (decimal 239)
   defining Unicode char U+00F8 (decimal 248)
   defining Unicode char U+0131 (decimal 305)
   defining Unicode char U+0141 (decimal 321)
   defining Unicode char U+0142 (decimal 322)
   defining Unicode char U+0152 (decimal 338)
   defining Unicode char U+0153 (decimal 339)
   defining Unicode char U+2013 (decimal 8211)
   defining Unicode char U+2014 (decimal 8212)
   defining Unicode char U+2018 (decimal 8216)
   defining Unicode char U+2019 (decimal 8217)
   defining Unicode char U+201C (decimal 8220)
   defining Unicode char U+201D (decimal 8221)
)
Now handling font encoding OMS ...
... processing UTF-8 mapping file for font encoding OMS

(/usr/intel/pkgs/teTeX/3.0/share/texmf/tex/latex/base/omsenc.dfu
File: omsenc.dfu 2004/02/09 v1.1b UTF-8 support for inputenc
   defining Unicode char U+00A7 (decimal 167)
   defining Unicode char U+00B6 (decimal 182)
   defining Unicode char U+02D9 (decimal 729)
   defining Unicode char U+2020 (decimal 8224)
   defining Unicode char U+2021 (decimal 8225)
   defining Unicode char U+2022 (decimal 8226)
)
Now handling font encoding OMX ...
... no UTF-8 mapping file for font encoding OMX
Now handling font encoding U ...
... no UTF-8 mapping file for font encoding U
   defining Unicode char U+00A9 (decimal 169)
   defining Unicode char U+00AA (decimal 170)
   defining Unicode char U+00AE (decimal 174)
   defining Unicode char U+00BA (decimal 186)
   defining Unicode char U+02C6 (decimal 710)
   defining Unicode char U+02CA (decimal 714)
   defining Unicode char U+200C (decimal 8204)
   defining Unicode char U+2026 (decimal 8230)
   defining Unicode char U+2122 (decimal 8482)
   defining Unicode char U+2423 (decimal 9251)
))
(/usr/intel/pkgs/teTeX/3.0/share/texmf/tex/latex/hyperref/hyperref.sty
Package: hyperref 2003/11/30 v6.74m Hypertext links for LaTeX

(/usr/intel/pkgs/teTeX/3.0/share/texmf/tex/latex/graphics/keyval.sty
Package: keyval 1999/03/16 v1.13 key=value parser (DPC)
\KV@toks@=\toks16
)
\@linkdim=\dimen105
\Hy@linkcounter=\count92
\Hy@pagecounter=\count93

(/usr/intel/pkgs/teTeX/3.0/share/texmf/tex/latex/hyperref/pd1enc.def
File: pd1enc.def 2003/11/30 v6.74m Hyperref: PDFDocEncoding definition (HO)
Now handling font encoding PD1 ...
... no UTF-8 mapping file for font encoding PD1
)
(/usr/intel/pkgs/teTeX/3.0/share/texmf/tex/latex/hyperref/hyperref.cfg
File: hyperref.cfg 2002/06/06 v1.2 hyperref configuration of TeXLive and teTeX
)

Package hyperref Warning: Token not allowed in a PDFDocEncoded string,
(hyperref)                removing `subscript' on input line 1830.

Package hyperref Info: Option `bookmarks' set `true' on input line 1830.
Package hyperref Info: Option `bookmarksopen' set `false' on input line 1830.
Package hyperref Info: Option `colorlinks' set `true' on input line 1830.
Package hyperref Info: Hyper figures OFF on input line 1880.
Package hyperref Info: Link nesting OFF on input line 1885.
Package hyperref Info: Hyper index ON on input line 1888.
Package hyperref Info: Plain pages ON on input line 1893.
Package hyperref Info: Backreferencing ON on input line 1898.
Implicit mode ON; LaTeX internals redefined
Package hyperref Info: Bookmarks ON on input line 2004.
(/usr/intel/pkgs/teTeX/3.0/share/texmf/tex/latex/hyperref/backref.sty
Package: backref 2003/03/20 v1.23 Bibliographical back referencing
)
(/usr/intel/pkgs/teTeX/3.0/share/texmf/tex/latex/url/url.sty
\Urlmuskip=\muskip10
Package: url 2004/03/15  ver 3.1  Verb mode for urls, etc.
)
LaTeX Info: Redefining \url on input line 2143.
\Fld@menulength=\count94
\Field@Width=\dimen106
\Fld@charsize=\dimen107
\Choice@toks=\toks17
\Field@toks=\toks18
Package hyperref Info: Hyper figures OFF on input line 2618.
Package hyperref Info: Link nesting OFF on input line 2623.
Package hyperref Info: Hyper index ON on input line 2626.
Package hyperref Info: backreferencing ON on input line 2631.
Package hyperref Info: Link coloring ON on input line 2636.
\c@Item=\count95
\c@Hfootnote=\count96
)
*hyperref using driver hdvips*
(/usr/intel/pkgs/teTeX/3.0/share/texmf/tex/latex/hyperref/hdvips.def
File: hdvips.def 2003/11/30 v6.74m Hyperref driver for dvips

(/usr/intel/pkgs/teTeX/3.0/share/texmf/tex/latex/hyperref/pdfmark.def
File: pdfmark.def 2003/11/30 v6.74m Hyperref definitions for pdfmark specials
\pdf@docset=\toks19
\pdf@box=\box30
\pdf@toks=\toks20
\pdf@defaulttoks=\toks21
\Fld@listcount=\count97
\@outlinefile=\write3
))
\@indexfile=\write4
\openout4 = `api.idx'.


Writing index file api.idx
(./api.aux (./htd_actions_library_top-module.aux)
(./htd_basic_action-module.aux) (./htd_basic_flow-module.aux)
(./htd_clocks-module.aux) (./htd_collaterals-module.aux)
(./htd_gen_action-module.aux) (./htd_signal_action-module.aux)
(./htd_tap_action-module.aux) (./htd_te_manager-module.aux)
(./htd_utilities-module.aux))
\openout1 = `api.aux'.

LaTeX Font Info:    Checking defaults for OML/cmm/m/it on input line 80.
LaTeX Font Info:    ... okay on input line 80.
LaTeX Font Info:    Checking defaults for T1/cmr/m/n on input line 80.
LaTeX Font Info:    ... okay on input line 80.
LaTeX Font Info:    Checking defaults for OT1/cmr/m/n on input line 80.
LaTeX Font Info:    ... okay on input line 80.
LaTeX Font Info:    Checking defaults for OMS/cmsy/m/n on input line 80.
LaTeX Font Info:    ... okay on input line 80.
LaTeX Font Info:    Checking defaults for OMX/cmex/m/n on input line 80.
LaTeX Font Info:    ... okay on input line 80.
LaTeX Font Info:    Checking defaults for U/cmr/m/n on input line 80.
LaTeX Font Info:    ... okay on input line 80.
LaTeX Font Info:    Checking defaults for PD1/pdf/m/n on input line 80.
LaTeX Font Info:    ... okay on input line 80.
Package hyperref Info: Link coloring ON on input line 80.

(/usr/intel/pkgs/teTeX/3.0/share/texmf/tex/latex/hyperref/nameref.sty
Package: nameref 2003/12/03 v2.21 Cross-referencing by name of section
\c@section@level=\count98
)
LaTeX Info: Redefining \ref on input line 80.
LaTeX Info: Redefining \pageref on input line 80.

(./api.out) (./api.out)
\openout3 = `api.out'.

LaTeX Font Info:    Try loading font information for U+msa on input line 95.

(/usr/intel/pkgs/teTeX/3.0/share/texmf/tex/latex/amsfonts/umsa.fd
File: umsa.fd 2002/01/19 v2.2g AMS font definitions
)
LaTeX Font Info:    Try loading font information for U+msb on input line 95.

(/usr/intel/pkgs/teTeX/3.0/share/texmf/tex/latex/amsfonts/umsb.fd
File: umsb.fd 2002/01/19 v2.2g AMS font definitions
) (./api.toc
[1

])
\tf@toc=\write5
\openout5 = `api.toc'.

 [2]
\openout2 = `htd_actions_library_top-module.aux'.

 (./htd_actions_library_top-module.tex
LaTeX Font Info:    Try loading font information for OMS+cmtt on input line 34.

LaTeX Font Info:    No file OMScmtt.fd. on input line 34.


LaTeX Font Warning: Font shape `OMS/cmtt/m/n' undefined
(Font)              using `OMS/cmsy/m/n' instead
(Font)              for symbol `textbraceleft' on input line 34.

LaTeX Font Info:    Try loading font information for OML+cmtt on input line 55.

LaTeX Font Info:    No file OMLcmtt.fd. on input line 55.

LaTeX Font Warning: Font shape `OML/cmtt/m/n' undefined
(Font)              using `OML/cmm/m/it' instead
(Font)              for symbol `textless' on input line 55.

[3

]
Overfull \hbox (77.55205pt too wide) in paragraph at lines 143--144
[]\OT1/cmr/m/n/12 argument[]exists(), er-ror(), er-ror[]bysrc(), get[]action[]a
rgument(), get[]action[]argument[]last[]entry(),
 []


Overfull \hbox (62.2772pt too wide) in paragraph at lines 143--144
\OT1/cmr/m/n/12 get[]all[]arguments(), get[]arguments(), get[]declared[]argumen
ts(), get[]not[]declared[]arguments(),
 []


Overfull \hbox (9.91191pt too wide) in paragraph at lines 143--144
\OT1/cmr/m/n/12 post[]run[]place[]holder(), pre[]run(), pre[]run[]place[]holder
(), print[]action[]arguments(),
 []


Overfull \hbox (59.00017pt too wide) in paragraph at lines 149--150
[][][]\OT1/cmr/m/n/12 delattr[][](), [][]format[][](), [][]getattribute[][](), 
[][]hash[][](), [][]new[][](), [][]reduce[][](), [][]reduce[]ex[][](),
 []

[4]
Overfull \hbox (77.55205pt too wide) in paragraph at lines 266--267
[]\OT1/cmr/m/n/12 argument[]exists(), er-ror(), er-ror[]bysrc(), get[]action[]a
rgument(), get[]action[]argument[]last[]entry(),
 []


Overfull \hbox (62.2772pt too wide) in paragraph at lines 266--267
\OT1/cmr/m/n/12 get[]all[]arguments(), get[]arguments(), get[]declared[]argumen
ts(), get[]not[]declared[]arguments(),
 []


Overfull \hbox (9.91191pt too wide) in paragraph at lines 266--267
\OT1/cmr/m/n/12 post[]run[]place[]holder(), pre[]run(), pre[]run[]place[]holder
(), print[]action[]arguments(),
 []


Overfull \hbox (59.00017pt too wide) in paragraph at lines 272--273
[][][]\OT1/cmr/m/n/12 delattr[][](), [][]format[][](), [][]getattribute[][](), 
[][]hash[][](), [][]new[][](), [][]reduce[][](), [][]reduce[]ex[][](),
 []

) [5]
\openout2 = `htd_basic_action-module.aux'.

 (./htd_basic_action-module.tex
Overfull \hbox (4.69208pt too wide) in paragraph at lines 105--111
[]\OT1/cmr/bx/n/12 Known Sub-classes: \OT1/cmr/m/n/12 htd[]actions[]library[]to
p.CACHEPLOAD, htd[]actions[]library[]top.REG,
 []

[6


] [7]
Overfull \hbox (59.00017pt too wide) in paragraph at lines 488--489
[][][]\OT1/cmr/m/n/12 delattr[][](), [][]format[][](), [][]getattribute[][](), 
[][]hash[][](), [][]new[][](), [][]reduce[][](), [][]reduce[]ex[][](),
 []

) [8]
\openout2 = `htd_basic_flow-module.aux'.

 (./htd_basic_flow-module.tex
Overfull \hbox (123.77856pt too wide) in paragraph at lines 66--67
\OT1/cmtt/m/n/12 '/nfs/iil/proj/mpgbd/alexse/TE/repo/project/testproj//htd...| 
 
 []

[9


]
Overfull \hbox (59.00017pt too wide) in paragraph at lines 191--192
[][][]\OT1/cmr/m/n/12 delattr[][](), [][]format[][](), [][]getattribute[][](), 
[][]hash[][](), [][]new[][](), [][]reduce[][](), [][]reduce[]ex[][](),
 []

[10] [11]
Overfull \hbox (59.00017pt too wide) in paragraph at lines 621--622
[][][]\OT1/cmr/m/n/12 delattr[][](), [][]format[][](), [][]getattribute[][](), 
[][]hash[][](), [][]new[][](), [][]reduce[][](), [][]reduce[]ex[][](),
 []

[12] [13]
Overfull \hbox (59.00017pt too wide) in paragraph at lines 840--841
[][][]\OT1/cmr/m/n/12 delattr[][](), [][]format[][](), [][]getattribute[][](), 
[][]hash[][](), [][]new[][](), [][]reduce[][](), [][]reduce[]ex[][](),
 []


Overfull \hbox (59.00017pt too wide) in paragraph at lines 947--948
[][][]\OT1/cmr/m/n/12 delattr[][](), [][]format[][](), [][]getattribute[][](), 
[][]hash[][](), [][]new[][](), [][]reduce[][](), [][]reduce[]ex[][](),
 []

[14]) [15]
\openout2 = `htd_clocks-module.aux'.

 (./htd_clocks-module.tex [16


]
Overfull \hbox (59.00017pt too wide) in paragraph at lines 216--217
[][][]\OT1/cmr/m/n/12 delattr[][](), [][]format[][](), [][]getattribute[][](), 
[][]hash[][](), [][]new[][](), [][]reduce[][](), [][]reduce[]ex[][](),
 []

) [17]
\openout2 = `htd_collaterals-module.aux'.

 (./htd_collaterals-module.tex [18


] [19]
Overfull \hbox (59.00017pt too wide) in paragraph at lines 423--424
[][][]\OT1/cmr/m/n/12 delattr[][](), [][]format[][](), [][]getattribute[][](), 
[][]hash[][](), [][]new[][](), [][]reduce[][](), [][]reduce[]ex[][](),
 []

) [20]
\openout2 = `htd_gen_action-module.aux'.

 (./htd_gen_action-module.tex [21


]
Overfull \hbox (77.55205pt too wide) in paragraph at lines 143--144
[]\OT1/cmr/m/n/12 argument[]exists(), er-ror(), er-ror[]bysrc(), get[]action[]a
rgument(), get[]action[]argument[]last[]entry(),
 []


Overfull \hbox (62.2772pt too wide) in paragraph at lines 143--144
\OT1/cmr/m/n/12 get[]all[]arguments(), get[]arguments(), get[]declared[]argumen
ts(), get[]not[]declared[]arguments(),
 []


Overfull \hbox (9.91191pt too wide) in paragraph at lines 143--144
\OT1/cmr/m/n/12 post[]run[]place[]holder(), pre[]run(), pre[]run[]place[]holder
(), print[]action[]arguments(),
 []


Overfull \hbox (59.00017pt too wide) in paragraph at lines 149--150
[][][]\OT1/cmr/m/n/12 delattr[][](), [][]format[][](), [][]getattribute[][](), 
[][]hash[][](), [][]new[][](), [][]reduce[][](), [][]reduce[]ex[][](),
 []

) [22]
\openout2 = `htd_signal_action-module.aux'.

 (./htd_signal_action-module.tex [23


]
Overfull \hbox (77.55205pt too wide) in paragraph at lines 143--144
[]\OT1/cmr/m/n/12 argument[]exists(), er-ror(), er-ror[]bysrc(), get[]action[]a
rgument(), get[]action[]argument[]last[]entry(),
 []


Overfull \hbox (62.2772pt too wide) in paragraph at lines 143--144
\OT1/cmr/m/n/12 get[]all[]arguments(), get[]arguments(), get[]declared[]argumen
ts(), get[]not[]declared[]arguments(),
 []


Overfull \hbox (9.91191pt too wide) in paragraph at lines 143--144
\OT1/cmr/m/n/12 post[]run[]place[]holder(), pre[]run(), pre[]run[]place[]holder
(), print[]action[]arguments(),
 []


Overfull \hbox (59.00017pt too wide) in paragraph at lines 149--150
[][][]\OT1/cmr/m/n/12 delattr[][](), [][]format[][](), [][]getattribute[][](), 
[][]hash[][](), [][]new[][](), [][]reduce[][](), [][]reduce[]ex[][](),
 []

) [24]
\openout2 = `htd_tap_action-module.aux'.

 (./htd_tap_action-module.tex [25


]
Overfull \hbox (77.55205pt too wide) in paragraph at lines 156--157
[]\OT1/cmr/m/n/12 argument[]exists(), er-ror(), er-ror[]bysrc(), get[]action[]a
rgument(), get[]action[]argument[]last[]entry(),
 []


Overfull \hbox (62.2772pt too wide) in paragraph at lines 156--157
\OT1/cmr/m/n/12 get[]all[]arguments(), get[]arguments(), get[]declared[]argumen
ts(), get[]not[]declared[]arguments(),
 []


Overfull \hbox (9.91191pt too wide) in paragraph at lines 156--157
\OT1/cmr/m/n/12 post[]run[]place[]holder(), pre[]run(), pre[]run[]place[]holder
(), print[]action[]arguments(),
 []


Overfull \hbox (59.00017pt too wide) in paragraph at lines 162--163
[][][]\OT1/cmr/m/n/12 delattr[][](), [][]format[][](), [][]getattribute[][](), 
[][]hash[][](), [][]new[][](), [][]reduce[][](), [][]reduce[]ex[][](),
 []

) [26]
\openout2 = `htd_te_manager-module.aux'.

 (./htd_te_manager-module.tex
Overfull \hbox (65.73352pt too wide) in paragraph at lines 39--40
\OT1/cmtt/m/n/12 htd[]argument[]containter(HTD[]ARGUMENTS[]DECLARED[]ONLY)|  
 []

) [27


]
\openout2 = `htd_utilities-module.aux'.

 (./htd_utilities-module.tex
LaTeX Font Info:    Font shape `OT1/cmtt/bx/n' in size <9> not available
(Font)              Font shape `OT1/cmtt/m/n' tried instead on input line 115.


LaTeX Font Warning: Font shape `OML/cmtt/bx/n' undefined
(Font)              using `OML/cmm/m/it' instead
(Font)              for symbol `textgreater' on input line 115.

[28


] [29]
Overfull \hbox (59.00017pt too wide) in paragraph at lines 293--294
[][][]\OT1/cmr/m/n/12 delattr[][](), [][]format[][](), [][]getattribute[][](), 
[][]hash[][](), [][]new[][](), [][]reduce[][](), [][]reduce[]ex[][](),
 []

[30]
Overfull \hbox (59.00017pt too wide) in paragraph at lines 476--477
[][][]\OT1/cmr/m/n/12 delattr[][](), [][]format[][](), [][]getattribute[][](), 
[][]hash[][](), [][]new[][](), [][]reduce[][](), [][]reduce[]ex[][](),
 []

[31] [32]
Overfull \hbox (59.00017pt too wide) in paragraph at lines 893--894
[][][]\OT1/cmr/m/n/12 delattr[][](), [][]format[][](), [][]getattribute[][](), 
[][]hash[][](), [][]new[][](), [][]reduce[][](), [][]reduce[]ex[][](),
 []

) [33] (./api.ind
Overfull \hbox (34.2455pt too wide) in paragraph at lines 4--6
[]| \OT1/cmr/m/n/12 htd[]actions[]library[]top.CACHEPLOAD \OT1/cmr/m/it/12 (cla
ss)\OT1/cmr/m/n/12 ,
 []


Overfull \hbox (21.28174pt too wide) in paragraph at lines 9--11
[]| \OT1/cmr/m/n/12 htd[]basic[]action.evaluate[]constrain[]condition
 []


Overfull \hbox (9.44923pt too wide) in paragraph at lines 11--13
[]| \OT1/cmr/m/n/12 htd[]basic[]action.htd[]base[]action \OT1/cmr/m/it/12 (clas
s)\OT1/cmr/m/n/12 , [][][][][][]--
 []


Overfull \hbox (50.0032pt too wide) in paragraph at lines 13--15
[]| \OT1/cmr/m/n/12 htd[]basic[]action.htd[]base[]action.argument[]exists
 []


Overfull \hbox (45.19637pt too wide) in paragraph at lines 15--17
[]| \OT1/cmr/m/n/12 htd[]basic[]action.htd[]base[]action.error \OT1/cmr/m/it/12
 (method)\OT1/cmr/m/n/12 ,
 []


Overfull \hbox (24.47986pt too wide) in paragraph at lines 17--19
[]| \OT1/cmr/m/n/12 htd[]basic[]action.htd[]base[]action.error[]bysrc
 []


Overfull \hbox (72.70657pt too wide) in paragraph at lines 19--21
[]| \OT1/cmr/m/n/12 htd[]basic[]action.htd[]base[]action.get[]action[]argument
 []


Overfull \hbox (126.27295pt too wide) in paragraph at lines 21--23
[]| \OT1/cmr/m/n/12 htd[]basic[]action.htd[]base[]action.get[]action[]argument[
]last[]entry
 []


Overfull \hbox (60.94363pt too wide) in paragraph at lines 23--25
[]| \OT1/cmr/m/n/12 htd[]basic[]action.htd[]base[]action.get[]action[]call[]fil
e
 []


Overfull \hbox (76.61014pt too wide) in paragraph at lines 25--27
[]| \OT1/cmr/m/n/12 htd[]basic[]action.htd[]base[]action.get[]action[]call[]lin
eno
 []


Overfull \hbox (51.49152pt too wide) in paragraph at lines 27--29
[]| \OT1/cmr/m/n/12 htd[]basic[]action.htd[]base[]action.get[]action[]name
 []


Overfull \hbox (46.59573pt too wide) in paragraph at lines 29--31
[]| \OT1/cmr/m/n/12 htd[]basic[]action.htd[]base[]action.get[]action[]type
 []


Overfull \hbox (58.41089pt too wide) in paragraph at lines 31--33
[]| \OT1/cmr/m/n/12 htd[]basic[]action.htd[]base[]action.get[]all[]arguments
 []


Overfull \hbox (41.77829pt too wide) in paragraph at lines 33--35
[]| \OT1/cmr/m/n/12 htd[]basic[]action.htd[]base[]action.get[]arguments
 []


Overfull \hbox (88.43835pt too wide) in paragraph at lines 35--37
[]| \OT1/cmr/m/n/12 htd[]basic[]action.htd[]base[]action.get[]declared[]argumen
ts
 []


Overfull \hbox (109.64035pt too wide) in paragraph at lines 37--39
[]| \OT1/cmr/m/n/12 htd[]basic[]action.htd[]base[]action.get[]not[]declared[]ar
guments
 []


Overfull \hbox (17.29938pt too wide) in paragraph at lines 39--41
[]| \OT1/cmr/m/n/12 htd[]basic[]action.htd[]base[]action.get[]result
 []


Overfull \hbox (111.24615pt too wide) in paragraph at lines 41--43
[]| \OT1/cmr/m/n/12 htd[]basic[]action.htd[]base[]action.i[]am[]htd[]base[]acti
on[]object
 []


Overfull \hbox (2.23343pt too wide) in paragraph at lines 43--45
[]| \OT1/cmr/m/n/12 htd[]basic[]action.htd[]base[]action.inform
 []


Overfull \hbox (33.29227pt too wide) in paragraph at lines 45--47
[]| \OT1/cmr/m/n/12 htd[]basic[]action.htd[]base[]action.inform[]nosrc
 []


Overfull \hbox (12.4036pt too wide) in paragraph at lines 47--49
[]| \OT1/cmr/m/n/12 htd[]basic[]action.htd[]base[]action.post[]run
 []


Overfull \hbox (78.96011pt too wide) in paragraph at lines 49--51
[]| \OT1/cmr/m/n/12 htd[]basic[]action.htd[]base[]action.post[]run[]place[]hold
er
 []


Overfull \hbox (6.78976pt too wide) in paragraph at lines 51--53
[]| \OT1/cmr/m/n/12 htd[]basic[]action.htd[]base[]action.pre[]run
 []


Overfull \hbox (73.34628pt too wide) in paragraph at lines 53--55
[]| \OT1/cmr/m/n/12 htd[]basic[]action.htd[]base[]action.pre[]run[]place[]holde
r
 []


Overfull \hbox (86.80643pt too wide) in paragraph at lines 55--57
[]| \OT1/cmr/m/n/12 htd[]basic[]action.htd[]base[]action.print[]action[]argumen
ts
 []


Overfull \hbox (38.01588pt too wide) in paragraph at lines 57--59
[]| \OT1/cmr/m/n/12 htd[]basic[]action.htd[]base[]action.run \OT1/cmr/m/it/12 (
method)\OT1/cmr/m/n/12 ,
 []


Overfull \hbox (16.05911pt too wide) in paragraph at lines 59--61
[]| \OT1/cmr/m/n/12 htd[]basic[]action.htd[]base[]action.set[]result
 []


Overfull \hbox (90.39667pt too wide) in paragraph at lines 61--63
[]| \OT1/cmr/m/n/12 htd[]basic[]action.htd[]base[]action.verify[]action[]argume
nts
 []


Overfull \hbox (54.83371pt too wide) in paragraph at lines 63--65
[]| \OT1/cmr/m/n/12 htd[]basic[]action.htd[]base[]action.verify[]arguments
 []


Overfull \hbox (110.95895pt too wide) in paragraph at lines 65--67
[]| \OT1/cmr/m/n/12 htd[]basic[]action.htd[]base[]action.verify[]obligatory[]ar
guments
 []


Overfull \hbox (23.43542pt too wide) in paragraph at lines 70--72
[]| \OT1/cmr/m/n/12 htd[]basic[]flow.htd[]base[]flow.action[]override
 []


Overfull \hbox (28.0701pt too wide) in paragraph at lines 72--74
[]| \OT1/cmr/m/n/12 htd[]basic[]flow.htd[]base[]flow.actions[]override
 []


Overfull \hbox (4.89673pt too wide) in paragraph at lines 74--76
[]| \OT1/cmr/m/n/12 htd[]basic[]flow.htd[]base[]flow.connect[]ips
 []


Overfull \hbox (27.67844pt too wide) in paragraph at lines 76--78
[]| \OT1/cmr/m/n/12 htd[]basic[]flow.htd[]base[]flow.debug[]readback
 []


Overfull \hbox (23.65492pt too wide) in paragraph at lines 78--80
[]| \OT1/cmr/m/n/12 htd[]basic[]flow.htd[]base[]flow.error \OT1/cmr/m/it/12 (me
thod)\OT1/cmr/m/n/12 ,
 []


Overfull \hbox (2.93842pt too wide) in paragraph at lines 80--82
[]| \OT1/cmr/m/n/12 htd[]basic[]flow.htd[]base[]flow.error[]bysrc
 []


Overfull \hbox (4.50507pt too wide) in paragraph at lines 82--84
[]| \OT1/cmr/m/n/12 htd[]basic[]flow.htd[]base[]flow.exec[]action
 []


Overfull \hbox (25.38068pt too wide) in paragraph at lines 84--86
[]| \OT1/cmr/m/n/12 htd[]basic[]flow.htd[]base[]flow.exec[]action[]obj
 []


Overfull \hbox (14.6883pt too wide) in paragraph at lines 86--88
[]| \OT1/cmr/m/n/12 htd[]basic[]flow.htd[]base[]flow.exec[]segment
 []


Overfull \hbox (12.6647pt too wide) in paragraph at lines 88--90
[]| \OT1/cmr/m/n/12 htd[]basic[]flow.htd[]base[]flow.flow[]override
 []

[34


]
Overfull \hbox (41.26668pt too wide) in paragraph at lines 90--92
[]| \OT1/cmr/m/n/12 htd[]basic[]flow.htd[]base[]flow.flow[]run \OT1/cmr/m/it/12
 (method)\OT1/cmr/m/n/12 ,
 []


Overfull \hbox (14.28357pt too wide) in paragraph at lines 92--94
[]| \OT1/cmr/m/n/12 htd[]basic[]flow.htd[]base[]flow.get[]flow[]num
 []


Overfull \hbox (14.28357pt too wide) in paragraph at lines 94--96
[]| \OT1/cmr/m/n/12 htd[]basic[]flow.htd[]base[]flow.get[]flow[]type
 []


Overfull \hbox (102.44681pt too wide) in paragraph at lines 96--98
[]| \OT1/cmr/m/n/12 htd[]basic[]flow.htd[]base[]flow.get[]per[]action[]cmd[]arg
uments
 []


Overfull \hbox (46.16246pt too wide) in paragraph at lines 98--100
[]| \OT1/cmr/m/n/12 htd[]basic[]flow.htd[]base[]flow.help[]cmd \OT1/cmr/m/it/12
 (method)\OT1/cmr/m/n/12 ,
 []


Overfull \hbox (78.93399pt too wide) in paragraph at lines 100--102
[]| \OT1/cmr/m/n/12 htd[]basic[]flow.htd[]base[]flow.i[]am[]htd[]base[]flow[]ob
ject
 []


Overfull \hbox (32.46733pt too wide) in paragraph at lines 102--104
[]| \OT1/cmr/m/n/12 htd[]basic[]flow.htd[]base[]flow.inform \OT1/cmr/m/it/12 (m
ethod)\OT1/cmr/m/n/12 ,
 []


Overfull \hbox (11.75082pt too wide) in paragraph at lines 104--106
[]| \OT1/cmr/m/n/12 htd[]basic[]flow.htd[]base[]flow.inform[]bysrc
 []


Overfull \hbox (1.24121pt too wide) in paragraph at lines 106--108
[]| \OT1/cmr/m/n/12 htd[]basic[]flow.htd[]base[]flow.ip[]activate
 []


Overfull \hbox (0.26205pt too wide) in paragraph at lines 108--110
[]| \OT1/cmr/m/n/12 htd[]basic[]flow.htd[]base[]flow.ip[]connect
 []


Overfull \hbox (15.65439pt too wide) in paragraph at lines 110--112
[]| \OT1/cmr/m/n/12 htd[]basic[]flow.htd[]base[]flow.post[]flow[]run
 []


Overfull \hbox (82.2109pt too wide) in paragraph at lines 112--114
[]| \OT1/cmr/m/n/12 htd[]basic[]flow.htd[]base[]flow.post[]flow[]run[]place[]ho
lder
 []


Overfull \hbox (1.95926pt too wide) in paragraph at lines 114--116
[]| \OT1/cmr/m/n/12 htd[]basic[]flow.htd[]base[]flow.post[]verify
 []


Overfull \hbox (10.04056pt too wide) in paragraph at lines 116--118
[]| \OT1/cmr/m/n/12 htd[]basic[]flow.htd[]base[]flow.pre[]flow[]run
 []


Overfull \hbox (54.49426pt too wide) in paragraph at lines 118--120
[]| \OT1/cmr/m/n/12 htd[]basic[]flow.htd[]base[]flow.print[]flow[]arguments
 []


Overfull \hbox (80.26566pt too wide) in paragraph at lines 120--122
[]| \OT1/cmr/m/n/12 htd[]basic[]flow.htd[]base[]flow.print[]flow[]arguments[]he
lp
 []


Overfull \hbox (43.78882pt too wide) in paragraph at lines 122--124
[]| \OT1/cmr/m/n/12 htd[]basic[]flow.htd[]base[]flow.set[]flow[]arguments
 []


Overfull \hbox (89.41751pt too wide) in paragraph at lines 124--126
[]| \OT1/cmr/m/n/12 htd[]basic[]flow.htd[]base[]flow.verify[]obligatory[]argume
nts
 []


Overfull \hbox (13.03947pt too wide) in paragraph at lines 126--128
[]| \OT1/cmr/m/n/12 htd[]basic[]flow.htd[]flow[]segment \OT1/cmr/m/it/12 (class
)\OT1/cmr/m/n/12 , [][][][][][]--
 []


Overfull \hbox (42.91167pt too wide) in paragraph at lines 128--130
[]| \OT1/cmr/m/n/12 htd[]basic[]flow.htd[]flow[]segment.error \OT1/cmr/m/it/12 
(method)\OT1/cmr/m/n/12 ,
 []


Overfull \hbox (22.19516pt too wide) in paragraph at lines 130--132
[]| \OT1/cmr/m/n/12 htd[]basic[]flow.htd[]flow[]segment.error[]bysrc
 []


Overfull \hbox (2.26875pt too wide) in paragraph at lines 132--134
[]| \OT1/cmr/m/n/12 htd[]basic[]flow.htd[]ip[]segment \OT1/cmr/m/it/12 (class)\
OT1/cmr/m/n/12 , [][][][][][]--
 []


Overfull \hbox (47.96655pt too wide) in paragraph at lines 134--136
[]| \OT1/cmr/m/n/12 htd[]basic[]flow.htd[]ip[]segment.enable[]ip[]segment
 []


Overfull \hbox (32.14095pt too wide) in paragraph at lines 136--138
[]| \OT1/cmr/m/n/12 htd[]basic[]flow.htd[]ip[]segment.error \OT1/cmr/m/it/12 (m
ethod)\OT1/cmr/m/n/12 ,
 []


Overfull \hbox (11.42444pt too wide) in paragraph at lines 138--140
[]| \OT1/cmr/m/n/12 htd[]basic[]flow.htd[]ip[]segment.error[]bysrc
 []


Overfull \hbox (84.78284pt too wide) in paragraph at lines 140--142
[]| \OT1/cmr/m/n/12 htd[]basic[]flow.htd[]ip[]segment.execute[]interface[]metho
d
 []


Overfull \hbox (62.26224pt too wide) in paragraph at lines 142--144
[]| \OT1/cmr/m/n/12 htd[]basic[]flow.htd[]ip[]segment.get[]interface[]method
 []


Overfull \hbox (122.69577pt too wide) in paragraph at lines 144--146
[]| \OT1/cmr/m/n/12 htd[]basic[]flow.htd[]ip[]segment.get[]interface[]method[]d
escription
 []


Overfull \hbox (16.89465pt too wide) in paragraph at lines 146--148
[]| \OT1/cmr/m/n/12 htd[]basic[]flow.htd[]ip[]segment.get[]ip[]name
 []


Overfull \hbox (89.40445pt too wide) in paragraph at lines 148--150
[]| \OT1/cmr/m/n/12 htd[]basic[]flow.htd[]ip[]segment.is[]debug[]interface[]met
hod
 []


Overfull \hbox (66.62274pt too wide) in paragraph at lines 150--152
[]| \OT1/cmr/m/n/12 htd[]basic[]flow.htd[]ip[]segment.is[]ip[]segment[]enabled
 []


Overfull \hbox (81.40149pt too wide) in paragraph at lines 154--156
[]| \OT1/cmr/m/n/12 htd[]basic[]flow.htd[]segment.assign[]arguments[]container
 []


Overfull \hbox (25.4068pt too wide) in paragraph at lines 156--158
[]| \OT1/cmr/m/n/12 htd[]basic[]flow.htd[]segment.declare[]interface
 []


Overfull \hbox (50.74492pt too wide) in paragraph at lines 158--160
[]| \OT1/cmr/m/n/12 htd[]basic[]flow.htd[]segment.exec[]action \OT1/cmr/m/it/12
 (method)\OT1/cmr/m/n/12 ,
 []


Overfull \hbox (18.87909pt too wide) in paragraph at lines 160--162
[]| \OT1/cmr/m/n/12 htd[]basic[]flow.htd[]segment.get[]currentflow
 []


Overfull \hbox (72.13214pt too wide) in paragraph at lines 162--164
[]| \OT1/cmr/m/n/12 htd[]basic[]flow.htd[]segment.print[]interface[]arguments
 []


Overfull \hbox (35.73119pt too wide) in paragraph at lines 167--169
[]| \OT1/cmr/m/n/12 htd[]clocks.htd[]clocks.add[]new[]clock \OT1/cmr/m/it/12 (m
ethod)\OT1/cmr/m/n/12 ,
 []


Overfull \hbox (74.79544pt too wide) in paragraph at lines 169--171
[]| \OT1/cmr/m/n/12 htd[]clocks.htd[]clocks.check[]for[]unassigned[]clock[]rati
o
 []


Overfull \hbox (41.09697pt too wide) in paragraph at lines 171--173
[]| \OT1/cmr/m/n/12 htd[]clocks.htd[]clocks.clock[]transpose \OT1/cmr/m/it/12 (
method)\OT1/cmr/m/n/12 ,
 []


Overfull \hbox (29.26875pt too wide) in paragraph at lines 173--175
[]| \OT1/cmr/m/n/12 htd[]clocks.htd[]clocks.get[]all[]clocks \OT1/cmr/m/it/12 (
method)\OT1/cmr/m/n/12 ,
 []


Overfull \hbox (0.58844pt too wide) in paragraph at lines 175--177
[]| \OT1/cmr/m/n/12 htd[]clocks.htd[]clocks.get[]clock[]rtl[]path
 []


Overfull \hbox (17.79305pt too wide) in paragraph at lines 177--179
[]| \OT1/cmr/m/n/12 htd[]clocks.htd[]clocks.get[]default \OT1/cmr/m/it/12 (meth
od)\OT1/cmr/m/n/12 ,
 []

[35]
Overfull \hbox (0.2335pt too wide) in paragraph at lines 179--181
[]| \OT1/cmr/m/n/12 htd[]clocks.htd[]clocks.is[]clock \OT1/cmr/m/it/12 (method)
\OT1/cmr/m/n/12 ,
 []


Overfull \hbox (50.39487pt too wide) in paragraph at lines 181--183
[]| \OT1/cmr/m/n/12 htd[]clocks.htd[]clocks.is[]transposed[]clock[]modulo
 []


Overfull \hbox (31.22707pt too wide) in paragraph at lines 183--185
[]| \OT1/cmr/m/n/12 htd[]clocks.htd[]clocks.set[]clock[]rate \OT1/cmr/m/it/12 (
method)\OT1/cmr/m/n/12 ,
 []


Overfull \hbox (16.55278pt too wide) in paragraph at lines 185--187
[]| \OT1/cmr/m/n/12 htd[]clocks.htd[]clocks.set[]default \OT1/cmr/m/it/12 (meth
od)\OT1/cmr/m/n/12 ,
 []


Overfull \hbox (164.7995pt too wide) in paragraph at lines 190--192
[]| \OT1/cmr/m/n/12 htd[]collaterals.htd[]collaterals.add[]normilized[]string[]
value[]to[]dictionary
 []


Overfull \hbox (208.7832pt too wide) in paragraph at lines 192--194
[]| \OT1/cmr/m/n/12 htd[]collaterals.htd[]collaterals.apply[]current[]dictionar
y[]on[]current[]tab[]collateral
 []


Overfull \hbox (212.7651pt too wide) in paragraph at lines 194--196
[]| \OT1/cmr/m/n/12 htd[]collaterals.htd[]collaterals.apply[]current[]dictionar
y[]on[]current[]user[]collateral
 []


Overfull \hbox (211.0679pt too wide) in paragraph at lines 196--198
[]| \OT1/cmr/m/n/12 htd[]collaterals.htd[]collaterals.apply[]current[]dictionar
y[]on[]current[]xml[]collateral
 []


Overfull \hbox (1.59372pt too wide) in paragraph at lines 198--200
[]| \OT1/cmr/m/n/12 htd[]collaterals.htd[]collaterals.cfg[]getint
 []


Overfull \hbox (1.33261pt too wide) in paragraph at lines 200--202
[]| \OT1/cmr/m/n/12 htd[]collaterals.htd[]collaterals.cfg[]getstr
 []


Overfull \hbox (120.76358pt too wide) in paragraph at lines 202--204
[]| \OT1/cmr/m/n/12 htd[]collaterals.htd[]collaterals.create[]dynamic[]methods[
]module
 []


Overfull \hbox (71.60606pt too wide) in paragraph at lines 204--206
[]| \OT1/cmr/m/n/12 htd[]collaterals.htd[]collaterals.findChildNodeByName
 []


Overfull \hbox (52.48373pt too wide) in paragraph at lines 206--208
[]| \OT1/cmr/m/n/12 htd[]collaterals.htd[]collaterals.get[]col[]pickle[]name
 []


Overfull \hbox (62.60168pt too wide) in paragraph at lines 208--210
[]| \OT1/cmr/m/n/12 htd[]collaterals.htd[]collaterals.get[]collateral[]file[]in
fo
 []


Overfull \hbox (17.57355pt too wide) in paragraph at lines 210--212
[]| \OT1/cmr/m/n/12 htd[]collaterals.htd[]collaterals.get[]int[]value
 []


Overfull \hbox (33.94504pt too wide) in paragraph at lines 212--214
[]| \OT1/cmr/m/n/12 htd[]collaterals.htd[]collaterals.get[]xml[]tree[]str
 []


Overfull \hbox (120.01941pt too wide) in paragraph at lines 214--216
[]| \OT1/cmr/m/n/12 htd[]collaterals.htd[]collaterals.get[]xml[]value[]by[]comb
ined[]path
 []


Overfull \hbox (84.65732pt too wide) in paragraph at lines 216--218
[]| \OT1/cmr/m/n/12 htd[]collaterals.htd[]collaterals.getChildNodeValByName
 []


Overfull \hbox (74.15573pt too wide) in paragraph at lines 218--220
[]| \OT1/cmr/m/n/12 htd[]collaterals.htd[]collaterals.is[]single[]node[]hierarc
hy
 []


Overfull \hbox (52.30096pt too wide) in paragraph at lines 220--222
[]| \OT1/cmr/m/n/12 htd[]collaterals.htd[]collaterals.parse[]all[]collaterals
 []


Overfull \hbox (45.8622pt too wide) in paragraph at lines 222--224
[]| \OT1/cmr/m/n/12 htd[]collaterals.htd[]collaterals.read[]cfg \OT1/cmr/m/it/1
2 (method)\OT1/cmr/m/n/12 ,
 []


Overfull \hbox (13.33054pt too wide) in paragraph at lines 224--226
[]| \OT1/cmr/m/n/12 htd[]collaterals.htd[]collaterals.read[]cfg[]file
 []


Overfull \hbox (101.10211pt too wide) in paragraph at lines 226--228
[]| \OT1/cmr/m/n/12 htd[]collaterals.htd[]collaterals.read[]combined[]xml[]cfg[
]value
 []


Overfull \hbox (8.10837pt too wide) in paragraph at lines 228--230
[]| \OT1/cmr/m/n/12 htd[]collaterals.htd[]collaterals.read[]te[]cfg
 []


Overfull \hbox (64.29889pt too wide) in paragraph at lines 230--232
[]| \OT1/cmr/m/n/12 htd[]collaterals.htd[]collaterals.traverse[]cfg[]xml[]node
 []


Overfull \hbox (70.89188pt too wide) in paragraph at lines 232--234
[]| \OT1/cmr/m/n/12 htd[]collaterals.htd[]collaterals.traverse[]nodes[]by[]path

 []


Overfull \hbox (99.27435pt too wide) in paragraph at lines 234--236
[]| \OT1/cmr/m/n/12 htd[]collaterals.htd[]collaterals.traverse[]single[]node[]b
y[]path
 []


Overfull \hbox (78.39874pt too wide) in paragraph at lines 236--238
[]| \OT1/cmr/m/n/12 htd[]collaterals.htd[]collaterals.traverse[]single[]xml[]no
de
 []


Overfull \hbox (47.66629pt too wide) in paragraph at lines 238--240
[]| \OT1/cmr/m/n/12 htd[]collaterals.htd[]collaterals.traverse[]xml[]entry
 []


Overfull \hbox (36.42342pt too wide) in paragraph at lines 247--249
[]| \OT1/cmr/m/n/12 htd[]tap[]action.TAP.debug[]readback \OT1/cmr/m/it/12 (meth
od)\OT1/cmr/m/n/12 ,
 []


Overfull \hbox (10.11935pt too wide) in paragraph at lines 253--255
[]| \OT1/cmr/m/n/12 htd[]utilities.dynamic[]load[]external[]module
 []


Overfull \hbox (22.40262pt too wide) in paragraph at lines 255--257
[]| \OT1/cmr/m/n/12 htd[]utilities.execute[]all[]flow[]in[]module \OT1/cmr/m/it
/12 (func-
 []


Overfull \hbox (19.54349pt too wide) in paragraph at lines 257--259
[]| \OT1/cmr/m/n/12 htd[]utilities.format[]sorce[]location[]info \OT1/cmr/m/it/
12 (func-
 []


Overfull \hbox (9.88248pt too wide) in paragraph at lines 259--261
[]| \OT1/cmr/m/n/12 htd[]utilities.get[]class[]method[]names \OT1/cmr/m/it/12 (
func-
 []


Overfull \hbox (29.68513pt too wide) in paragraph at lines 263--265
[]| \OT1/cmr/m/n/12 htd[]utilities.htd[]action[]argument[]entry \OT1/cmr/m/it/1
2 (class)\OT1/cmr/m/n/12 ,
 []


Overfull \hbox (18.92747pt too wide) in paragraph at lines 265--267
[]| \OT1/cmr/m/n/12 htd[]utilities.htd[]argument[]containter \OT1/cmr/m/it/12 (
class)\OT1/cmr/m/n/12 ,
 []


Overfull \hbox (88.13809pt too wide) in paragraph at lines 267--269
[]| \OT1/cmr/m/n/12 htd[]utilities.htd[]argument[]containter.argument[]assigned

 []

[36]
Overfull \hbox (100.26657pt too wide) in paragraph at lines 269--271
[]| \OT1/cmr/m/n/12 htd[]utilities.htd[]argument[]containter.argument[]is[]assi
gned
 []


Overfull \hbox (49.16766pt too wide) in paragraph at lines 271--273
[]| \OT1/cmr/m/n/12 htd[]utilities.htd[]argument[]containter.declare[]arg
 []


Overfull \hbox (61.3092pt too wide) in paragraph at lines 273--275
[]| \OT1/cmr/m/n/12 htd[]utilities.htd[]argument[]containter.declared[]keys
 []


Overfull \hbox (60.39532pt too wide) in paragraph at lines 275--277
[]| \OT1/cmr/m/n/12 htd[]utilities.htd[]argument[]containter.ever[]accessed
 []


Overfull \hbox (141.96558pt too wide) in paragraph at lines 277--279
[]| \OT1/cmr/m/n/12 htd[]utilities.htd[]argument[]containter.exists[]not[]decla
red[]argument
 []


Overfull \hbox (61.24393pt too wide) in paragraph at lines 279--281
[]| \OT1/cmr/m/n/12 htd[]utilities.htd[]argument[]containter.get[]argument
 []


Overfull \hbox (105.08401pt too wide) in paragraph at lines 281--283
[]| \OT1/cmr/m/n/12 htd[]utilities.htd[]argument[]containter.get[]argument[]lsb
[]msb
 []


Overfull \hbox (79.90012pt too wide) in paragraph at lines 283--285
[]| \OT1/cmr/m/n/12 htd[]utilities.htd[]argument[]containter.get[]argument[]src

 []


Overfull \hbox (149.73355pt too wide) in paragraph at lines 285--287
[]| \OT1/cmr/m/n/12 htd[]utilities.htd[]argument[]containter.get[]declared[]arg
ument[]indexes
 []


Overfull \hbox (133.74066pt too wide) in paragraph at lines 287--289
[]| \OT1/cmr/m/n/12 htd[]utilities.htd[]argument[]containter.get[]not[]declared
[]arguments
 []


Overfull \hbox (172.89386pt too wide) in paragraph at lines 289--291
[]| \OT1/cmr/m/n/12 htd[]utilities.htd[]argument[]containter.insert[]not[]decla
red[]argument[]value
 []


Overfull \hbox (100.13602pt too wide) in paragraph at lines 291--293
[]| \OT1/cmr/m/n/12 htd[]utilities.htd[]argument[]containter.is[]declared[]argu
ment
 []


Overfull \hbox (109.6012pt too wide) in paragraph at lines 293--295
[]| \OT1/cmr/m/n/12 htd[]utilities.htd[]argument[]containter.is[]obligatory[]ar
gument
 []


Overfull \hbox (14.64914pt too wide) in paragraph at lines 295--297
[]| \OT1/cmr/m/n/12 htd[]utilities.htd[]argument[]containter.keys
 []


Overfull \hbox (84.15619pt too wide) in paragraph at lines 297--299
[]| \OT1/cmr/m/n/12 htd[]utilities.htd[]argument[]containter.normalize[]indexes

 []


Overfull \hbox (82.5112pt too wide) in paragraph at lines 299--301
[]| \OT1/cmr/m/n/12 htd[]utilities.htd[]argument[]containter.not[]declared[]key
s
 []


Overfull \hbox (180.21826pt too wide) in paragraph at lines 301--303
[]| \OT1/cmr/m/n/12 htd[]utilities.htd[]argument[]containter.overrideByOtherArg
umentContainer
 []


Overfull \hbox (115.7592pt too wide) in paragraph at lines 303--305
[]| \OT1/cmr/m/n/12 htd[]utilities.htd[]argument[]containter.overrideSingleArgu
ment
 []


Overfull \hbox (162.1362pt too wide) in paragraph at lines 305--307
[]| \OT1/cmr/m/n/12 htd[]utilities.htd[]argument[]containter.parse[]argument[]n
ame[]indexation
 []


Overfull \hbox (177.20215pt too wide) in paragraph at lines 307--309
[]| \OT1/cmr/m/n/12 htd[]utilities.htd[]argument[]containter.parse[]not[]declar
ed[]argument[]tokens
 []


Overfull \hbox (75.34378pt too wide) in paragraph at lines 309--311
[]| \OT1/cmr/m/n/12 htd[]utilities.htd[]argument[]containter.print[]arguments
 []


Overfull \hbox (43.61911pt too wide) in paragraph at lines 311--313
[]| \OT1/cmr/m/n/12 htd[]utilities.htd[]argument[]containter.print[]help
 []


Overfull \hbox (53.93289pt too wide) in paragraph at lines 313--315
[]| \OT1/cmr/m/n/12 htd[]utilities.htd[]argument[]containter.set[]accessed
 []


Overfull \hbox (60.00366pt too wide) in paragraph at lines 315--317
[]| \OT1/cmr/m/n/12 htd[]utilities.htd[]argument[]containter.set[]argument
 []


Overfull \hbox (63.26752pt too wide) in paragraph at lines 317--319
[]| \OT1/cmr/m/n/12 htd[]utilities.htd[]argument[]containter.set[]obligatory
 []


Overfull \hbox (135.05927pt too wide) in paragraph at lines 319--321
[]| \OT1/cmr/m/n/12 htd[]utilities.htd[]argument[]containter.verify[]obligatory
[]arguments
 []


Overfull \hbox (16.3784pt too wide) in paragraph at lines 325--327
[]| \OT1/cmr/m/n/12 htd[]utilities.itersubclasses[]names \OT1/cmr/m/it/12 (func
-tion)\OT1/cmr/m/n/12 ,
 []


Overfull \hbox (19.60605pt too wide) in paragraph at lines 332--334
[]| \OT1/cmr/m/n/12 htd[]utilities.Logger.callBack[]for[]extensions
 []


Overfull \hbox (10.72147pt too wide) in paragraph at lines 340--342
[]| \OT1/cmr/m/n/12 htd[]utilities.Logger.error[]str \OT1/cmr/m/it/12 (method)\
OT1/cmr/m/n/12 , [][][][][][] 
 []


Overfull \hbox (1.53046pt too wide) in paragraph at lines 342--344
[]| \OT1/cmr/m/n/12 htd[]utilities.Logger.inform \OT1/cmr/m/it/12 (method)\OT1/
cmr/m/n/12 , [][][][][][] 
 []

[37]) (./api.aux (./htd_actions_library_top-module.aux)
(./htd_basic_action-module.aux) (./htd_basic_flow-module.aux)
(./htd_clocks-module.aux) (./htd_collaterals-module.aux)
(./htd_gen_action-module.aux) (./htd_signal_action-module.aux)
(./htd_tap_action-module.aux) (./htd_te_manager-module.aux)
(./htd_utilities-module.aux))

LaTeX Font Warning: Some font shapes were not available, defaults substituted.

 ) 
Here is how much of TeX's memory you used:
 3642 strings out of 94501
 56381 string characters out of 1173366
 121877 words of memory out of 1000000
 6676 multiletter control sequences out of 10000+50000
 14423 words of font info for 55 fonts, out of 500000 for 2000
 580 hyphenation exceptions out of 1000
 30i,13n,43p,639b,350s stack positions out of 1500i,500n,5000p,200000b,5000s

Output written on api.dvi (37 pages, 288848 bytes).
