This is pdfeTeX, Version 3.141592-1.21a-2.2 (Web2C 7.5.4) (format=latex 2006.2.21)  26 AUG 2014 14:17
entering extended mode
**api.tex
(./api.tex
LaTeX2e <2003/12/01>
Babel <v3.8d> and hyphenation patterns for american, french, german, ngerman, b
ahasa, basque, bulgarian, catalan, croatian, czech, danish, dutch, esperanto, e
stonian, finnish, greek, icelandic, irish, italian, latin, magyar, norsk, polis
h, portuges, romanian, russian, serbian, slovak, slovene, spanish, swedish, tur
kish, ukrainian, nohyphenation, loaded.
(/usr/intel/pkgs/teTeX/3.0/share/texmf/tex/latex/base/article.cls
Document Class: article 2004/02/16 v1.4f Standard LaTeX document class
(/usr/intel/pkgs/teTeX/3.0/share/texmf/tex/latex/base/size10.clo
File: size10.clo 2004/02/16 v1.4f Standard LaTeX file (size option)
)
\c@part=\count79
\c@section=\count80
\c@subsection=\count81
\c@subsubsection=\count82
\c@paragraph=\count83
\c@subparagraph=\count84
\c@figure=\count85
\c@table=\count86
\abovecaptionskip=\skip41
\belowcaptionskip=\skip42
\bibindent=\dimen102
)
(/usr/intel/pkgs/teTeX/3.0/share/texmf/tex/latex/base/alltt.sty
Package: alltt 1997/06/16 v2.0g defines alltt environment
)
(/usr/intel/pkgs/teTeX/3.0/share/texmf/tex/latex/parskip/parskip.sty
Package: parskip 2001/04/09 non-zero parskip adjustments
)
(/usr/intel/pkgs/teTeX/3.0/share/texmf/tex/latex/fancyhdr/fancyhdr.sty
\fancy@headwidth=\skip43
\f@ncyO@elh=\skip44
\f@ncyO@erh=\skip45
\f@ncyO@olh=\skip46
\f@ncyO@orh=\skip47
\f@ncyO@elf=\skip48
\f@ncyO@erf=\skip49
\f@ncyO@olf=\skip50
\f@ncyO@orf=\skip51
)
(/usr/intel/pkgs/teTeX/3.0/share/texmf/tex/latex/boxedminipage/boxedminipage.st
y) (/usr/intel/pkgs/teTeX/3.0/share/texmf/tex/latex/base/makeidx.sty
Package: makeidx 2000/03/29 v1.0m Standard LaTeX package
)
(/usr/intel/pkgs/teTeX/3.0/share/texmf/tex/latex/multirow/multirow.sty
\bigstrutjot=\dimen103
)
(/usr/intel/pkgs/teTeX/3.0/share/texmf/tex/latex/tools/longtable.sty
Package: longtable 2004/02/01 v4.11 Multi-page Table package (DPC)
\LTleft=\skip52
\LTright=\skip53
\LTpre=\skip54
\LTpost=\skip55
\LTchunksize=\count87
\LTcapwidth=\dimen104
\LT@head=\box26
\LT@firsthead=\box27
\LT@foot=\box28
\LT@lastfoot=\box29
\LT@cols=\count88
\LT@rows=\count89
\c@LT@tables=\count90
\c@LT@chunks=\count91
\LT@p@ftn=\toks14
)
(/usr/intel/pkgs/teTeX/3.0/share/texmf/tex/latex/tocbibind/tocbibind.sty
Package: tocbibind 2003/03/13 v1.5g extra ToC listings


Package tocbibind Note: The document has section divisions.


Package tocbibind Note: Using section or other style headings.

) (/usr/intel/pkgs/teTeX/3.0/share/texmf/tex/latex/amsfonts/amssymb.sty
Package: amssymb 2002/01/22 v2.2d

(/usr/intel/pkgs/teTeX/3.0/share/texmf/tex/latex/amsfonts/amsfonts.sty
Package: amsfonts 2001/10/25 v2.2f
\@emptytoks=\toks15
\symAMSa=\mathgroup4
\symAMSb=\mathgroup5
LaTeX Font Info:    Overwriting math alphabet `\mathfrak' in version `bold'
(Font)                  U/euf/m/n --> U/euf/b/n on input line 132.
))
(/usr/intel/pkgs/teTeX/3.0/share/texmf/tex/latex/preprint/fullpage.sty
Package: fullpage 1999/02/23 1.1 (PWD)
\FP@margin=\skip56
)
(/usr/intel/pkgs/teTeX/3.0/share/texmf/tex/latex/graphics/color.sty
Package: color 1999/02/16 v1.0i Standard LaTeX Color (DPC)

(/usr/intel/pkgs/teTeX/3.0/share/texmf/tex/latex/graphics/color.cfg
File: color.cfg 2005/02/03 v1.3 color configuration of teTeX/TeXLive
)
Package color Info: Driver file: dvips.def on input line 125.

(/usr/intel/pkgs/teTeX/3.0/share/texmf/tex/latex/graphics/dvips.def
File: dvips.def 1999/02/16 v3.0i Driver-dependant file (DPC,SPQR)
)
(/usr/intel/pkgs/teTeX/3.0/share/texmf/tex/latex/graphics/dvipsnam.def
File: dvipsnam.def 1999/02/16 v3.0i Driver-dependant file (DPC,SPQR)
))
\BCL=\skip57
Package color Info: Redefining color py@inputcolour on input line 35.
\funcindent=\skip58
\funcwidth=\skip59
\varindent=\skip60
\varnamewidth=\skip61
\vardescrwidth=\skip62
\varwidth=\skip63

(/usr/intel/pkgs/teTeX/3.0/share/texmf/tex/latex/base/inputenc.sty
Package: inputenc 2004/02/05 v1.0d Input encoding file

(/usr/intel/pkgs/teTeX/3.0/share/texmf/tex/latex/base/utf8.def
File: utf8.def 2004/02/09 v1.1b UTF-8 support for inputenc
Now handling font encoding OML ...
... no UTF-8 mapping file for font encoding OML
Now handling font encoding T1 ...
... processing UTF-8 mapping file for font encoding T1

(/usr/intel/pkgs/teTeX/3.0/share/texmf/tex/latex/base/t1enc.dfu
File: t1enc.dfu 2004/02/09 v1.1b UTF-8 support for inputenc
   defining Unicode char U+00A1 (decimal 161)
   defining Unicode char U+00A3 (decimal 163)
   defining Unicode char U+00AB (decimal 171)
   defining Unicode char U+00BB (decimal 187)
   defining Unicode char U+00BF (decimal 191)
   defining Unicode char U+00C0 (decimal 192)
   defining Unicode char U+00C1 (decimal 193)
   defining Unicode char U+00C2 (decimal 194)
   defining Unicode char U+00C3 (decimal 195)
   defining Unicode char U+00C4 (decimal 196)
   defining Unicode char U+00C5 (decimal 197)
   defining Unicode char U+00C6 (decimal 198)
   defining Unicode char U+00C7 (decimal 199)
   defining Unicode char U+00C8 (decimal 200)
   defining Unicode char U+00C9 (decimal 201)
   defining Unicode char U+00CA (decimal 202)
   defining Unicode char U+00CB (decimal 203)
   defining Unicode char U+00CC (decimal 204)
   defining Unicode char U+00CD (decimal 205)
   defining Unicode char U+00CE (decimal 206)
   defining Unicode char U+00CF (decimal 207)
   defining Unicode char U+00D0 (decimal 208)
   defining Unicode char U+00D1 (decimal 209)
   defining Unicode char U+00D2 (decimal 210)
   defining Unicode char U+00D3 (decimal 211)
   defining Unicode char U+00D4 (decimal 212)
   defining Unicode char U+00D5 (decimal 213)
   defining Unicode char U+00D6 (decimal 214)
   defining Unicode char U+00D8 (decimal 216)
   defining Unicode char U+00D9 (decimal 217)
   defining Unicode char U+00DA (decimal 218)
   defining Unicode char U+00DB (decimal 219)
   defining Unicode char U+00DC (decimal 220)
   defining Unicode char U+00DD (decimal 221)
   defining Unicode char U+00DE (decimal 222)
   defining Unicode char U+00DF (decimal 223)
   defining Unicode char U+00E0 (decimal 224)
   defining Unicode char U+00E1 (decimal 225)
   defining Unicode char U+00E2 (decimal 226)
   defining Unicode char U+00E3 (decimal 227)
   defining Unicode char U+00E4 (decimal 228)
   defining Unicode char U+00E5 (decimal 229)
   defining Unicode char U+00E6 (decimal 230)
   defining Unicode char U+00E7 (decimal 231)
   defining Unicode char U+00E8 (decimal 232)
   defining Unicode char U+00E9 (decimal 233)
   defining Unicode char U+00EA (decimal 234)
   defining Unicode char U+00EB (decimal 235)
   defining Unicode char U+00EC (decimal 236)
   defining Unicode char U+00ED (decimal 237)
   defining Unicode char U+00EE (decimal 238)
   defining Unicode char U+00EF (decimal 239)
   defining Unicode char U+00F0 (decimal 240)
   defining Unicode char U+00F1 (decimal 241)
   defining Unicode char U+00F2 (decimal 242)
   defining Unicode char U+00F3 (decimal 243)
   defining Unicode char U+00F4 (decimal 244)
   defining Unicode char U+00F5 (decimal 245)
   defining Unicode char U+00F6 (decimal 246)
   defining Unicode char U+00F8 (decimal 248)
   defining Unicode char U+00F9 (decimal 249)
   defining Unicode char U+00FA (decimal 250)
   defining Unicode char U+00FB (decimal 251)
   defining Unicode char U+00FC (decimal 252)
   defining Unicode char U+00FD (decimal 253)
   defining Unicode char U+00FE (decimal 254)
   defining Unicode char U+00FF (decimal 255)
   defining Unicode char U+0102 (decimal 258)
   defining Unicode char U+0103 (decimal 259)
   defining Unicode char U+0104 (decimal 260)
   defining Unicode char U+0105 (decimal 261)
   defining Unicode char U+0106 (decimal 262)
   defining Unicode char U+0107 (decimal 263)
   defining Unicode char U+010C (decimal 268)
   defining Unicode char U+010D (decimal 269)
   defining Unicode char U+010E (decimal 270)
   defining Unicode char U+010F (decimal 271)
   defining Unicode char U+0110 (decimal 272)
   defining Unicode char U+0111 (decimal 273)
   defining Unicode char U+0118 (decimal 280)
   defining Unicode char U+0119 (decimal 281)
   defining Unicode char U+011A (decimal 282)
   defining Unicode char U+011B (decimal 283)
   defining Unicode char U+011E (decimal 286)
   defining Unicode char U+011F (decimal 287)
   defining Unicode char U+0130 (decimal 304)
   defining Unicode char U+0131 (decimal 305)
   defining Unicode char U+0139 (decimal 313)
   defining Unicode char U+013A (decimal 314)
   defining Unicode char U+013D (decimal 317)
   defining Unicode char U+013E (decimal 318)
   defining Unicode char U+0141 (decimal 321)
   defining Unicode char U+0142 (decimal 322)
   defining Unicode char U+0143 (decimal 323)
   defining Unicode char U+0144 (decimal 324)
   defining Unicode char U+0147 (decimal 327)
   defining Unicode char U+0148 (decimal 328)
   defining Unicode char U+014A (decimal 330)
   defining Unicode char U+014B (decimal 331)
   defining Unicode char U+0150 (decimal 336)
   defining Unicode char U+0151 (decimal 337)
   defining Unicode char U+0152 (decimal 338)
   defining Unicode char U+0153 (decimal 339)
   defining Unicode char U+0154 (decimal 340)
   defining Unicode char U+0155 (decimal 341)
   defining Unicode char U+0158 (decimal 344)
   defining Unicode char U+0159 (decimal 345)
   defining Unicode char U+015A (decimal 346)
   defining Unicode char U+015B (decimal 347)
   defining Unicode char U+015E (decimal 350)
   defining Unicode char U+015F (decimal 351)
   defining Unicode char U+0160 (decimal 352)
   defining Unicode char U+0161 (decimal 353)
   defining Unicode char U+0162 (decimal 354)
   defining Unicode char U+0163 (decimal 355)
   defining Unicode char U+0164 (decimal 356)
   defining Unicode char U+0165 (decimal 357)
   defining Unicode char U+016E (decimal 366)
   defining Unicode char U+016F (decimal 367)
   defining Unicode char U+0170 (decimal 368)
   defining Unicode char U+0171 (decimal 369)
   defining Unicode char U+0178 (decimal 376)
   defining Unicode char U+0179 (decimal 377)
   defining Unicode char U+017A (decimal 378)
   defining Unicode char U+017B (decimal 379)
   defining Unicode char U+017C (decimal 380)
   defining Unicode char U+017D (decimal 381)
   defining Unicode char U+017E (decimal 382)
   defining Unicode char U+200C (decimal 8204)
   defining Unicode char U+2013 (decimal 8211)
   defining Unicode char U+2014 (decimal 8212)
   defining Unicode char U+2018 (decimal 8216)
   defining Unicode char U+2019 (decimal 8217)
   defining Unicode char U+201A (decimal 8218)
   defining Unicode char U+201C (decimal 8220)
   defining Unicode char U+201D (decimal 8221)
   defining Unicode char U+201E (decimal 8222)
   defining Unicode char U+2030 (decimal 8240)
   defining Unicode char U+2031 (decimal 8241)
   defining Unicode char U+2039 (decimal 8249)
   defining Unicode char U+203A (decimal 8250)
   defining Unicode char U+2423 (decimal 9251)
)
Now handling font encoding OT1 ...
... processing UTF-8 mapping file for font encoding OT1

(/usr/intel/pkgs/teTeX/3.0/share/texmf/tex/latex/base/ot1enc.dfu
File: ot1enc.dfu 2004/02/09 v1.1b UTF-8 support for inputenc
   defining Unicode char U+00A1 (decimal 161)
   defining Unicode char U+00A3 (decimal 163)
   defining Unicode char U+00B8 (decimal 184)
   defining Unicode char U+00BF (decimal 191)
   defining Unicode char U+00C5 (decimal 197)
   defining Unicode char U+00C6 (decimal 198)
   defining Unicode char U+00D8 (decimal 216)
   defining Unicode char U+00DF (decimal 223)
   defining Unicode char U+00E6 (decimal 230)
   defining Unicode char U+00EC (decimal 236)
   defining Unicode char U+00ED (decimal 237)
   defining Unicode char U+00EE (decimal 238)
   defining Unicode char U+00EF (decimal 239)
   defining Unicode char U+00F8 (decimal 248)
   defining Unicode char U+0131 (decimal 305)
   defining Unicode char U+0141 (decimal 321)
   defining Unicode char U+0142 (decimal 322)
   defining Unicode char U+0152 (decimal 338)
   defining Unicode char U+0153 (decimal 339)
   defining Unicode char U+2013 (decimal 8211)
   defining Unicode char U+2014 (decimal 8212)
   defining Unicode char U+2018 (decimal 8216)
   defining Unicode char U+2019 (decimal 8217)
   defining Unicode char U+201C (decimal 8220)
   defining Unicode char U+201D (decimal 8221)
)
Now handling font encoding OMS ...
... processing UTF-8 mapping file for font encoding OMS

(/usr/intel/pkgs/teTeX/3.0/share/texmf/tex/latex/base/omsenc.dfu
File: omsenc.dfu 2004/02/09 v1.1b UTF-8 support for inputenc
   defining Unicode char U+00A7 (decimal 167)
   defining Unicode char U+00B6 (decimal 182)
   defining Unicode char U+02D9 (decimal 729)
   defining Unicode char U+2020 (decimal 8224)
   defining Unicode char U+2021 (decimal 8225)
   defining Unicode char U+2022 (decimal 8226)
)
Now handling font encoding OMX ...
... no UTF-8 mapping file for font encoding OMX
Now handling font encoding U ...
... no UTF-8 mapping file for font encoding U
   defining Unicode char U+00A9 (decimal 169)
   defining Unicode char U+00AA (decimal 170)
   defining Unicode char U+00AE (decimal 174)
   defining Unicode char U+00BA (decimal 186)
   defining Unicode char U+02C6 (decimal 710)
   defining Unicode char U+02CA (decimal 714)
   defining Unicode char U+200C (decimal 8204)
   defining Unicode char U+2026 (decimal 8230)
   defining Unicode char U+2122 (decimal 8482)
   defining Unicode char U+2423 (decimal 9251)
))
(/usr/intel/pkgs/teTeX/3.0/share/texmf/tex/latex/hyperref/hyperref.sty
Package: hyperref 2003/11/30 v6.74m Hypertext links for LaTeX

(/usr/intel/pkgs/teTeX/3.0/share/texmf/tex/latex/graphics/keyval.sty
Package: keyval 1999/03/16 v1.13 key=value parser (DPC)
\KV@toks@=\toks16
)
\@linkdim=\dimen105
\Hy@linkcounter=\count92
\Hy@pagecounter=\count93

(/usr/intel/pkgs/teTeX/3.0/share/texmf/tex/latex/hyperref/pd1enc.def
File: pd1enc.def 2003/11/30 v6.74m Hyperref: PDFDocEncoding definition (HO)
Now handling font encoding PD1 ...
... no UTF-8 mapping file for font encoding PD1
)
(/usr/intel/pkgs/teTeX/3.0/share/texmf/tex/latex/hyperref/hyperref.cfg
File: hyperref.cfg 2002/06/06 v1.2 hyperref configuration of TeXLive and teTeX
)
Package hyperref Info: Option `bookmarks' set `true' on input line 1830.
Package hyperref Info: Option `bookmarksopen' set `false' on input line 1830.
Package hyperref Info: Option `colorlinks' set `true' on input line 1830.
Package hyperref Info: Hyper figures OFF on input line 1880.
Package hyperref Info: Link nesting OFF on input line 1885.
Package hyperref Info: Hyper index ON on input line 1888.
Package hyperref Info: Plain pages ON on input line 1893.
Package hyperref Info: Backreferencing ON on input line 1898.

Implicit mode ON; LaTeX internals redefined
Package hyperref Info: Bookmarks ON on input line 2004.
(/usr/intel/pkgs/teTeX/3.0/share/texmf/tex/latex/hyperref/backref.sty
Package: backref 2003/03/20 v1.23 Bibliographical back referencing
)
(/usr/intel/pkgs/teTeX/3.0/share/texmf/tex/latex/url/url.sty
\Urlmuskip=\muskip10
Package: url 2004/03/15  ver 3.1  Verb mode for urls, etc.
)
LaTeX Info: Redefining \url on input line 2143.
\Fld@menulength=\count94
\Field@Width=\dimen106
\Fld@charsize=\dimen107
\Choice@toks=\toks17
\Field@toks=\toks18
Package hyperref Info: Hyper figures OFF on input line 2618.
Package hyperref Info: Link nesting OFF on input line 2623.
Package hyperref Info: Hyper index ON on input line 2626.
Package hyperref Info: backreferencing ON on input line 2631.
Package hyperref Info: Link coloring ON on input line 2636.
\c@Item=\count95
\c@Hfootnote=\count96
)
*hyperref using driver hdvips*
(/usr/intel/pkgs/teTeX/3.0/share/texmf/tex/latex/hyperref/hdvips.def
File: hdvips.def 2003/11/30 v6.74m Hyperref driver for dvips

(/usr/intel/pkgs/teTeX/3.0/share/texmf/tex/latex/hyperref/pdfmark.def
File: pdfmark.def 2003/11/30 v6.74m Hyperref definitions for pdfmark specials
\pdf@docset=\toks19
\pdf@box=\box30
\pdf@toks=\toks20
\pdf@defaulttoks=\toks21
\Fld@listcount=\count97
\@outlinefile=\write3
))
\@indexfile=\write4
\openout4 = `api.idx'.


Writing index file api.idx
(./api.aux (./hpl_tap-module.aux) (./hpl_tap_dfx_api-module.aux)
(./hpl_tap_engine-module.aux) (./hpl_tap_engine_structs-module.aux)
(./hpl_tap_spf_api-module.aux) (./htd_hpl_itpp_interface-module.aux)
(./htd_hpl_signal_manager-module.aux) (./htd_player_top-module.aux)
(./htd_player_ui-module.aux))
\openout1 = `api.aux'.

LaTeX Font Info:    Checking defaults for OML/cmm/m/it on input line 80.
LaTeX Font Info:    ... okay on input line 80.
LaTeX Font Info:    Checking defaults for T1/cmr/m/n on input line 80.
LaTeX Font Info:    ... okay on input line 80.
LaTeX Font Info:    Checking defaults for OT1/cmr/m/n on input line 80.
LaTeX Font Info:    ... okay on input line 80.
LaTeX Font Info:    Checking defaults for OMS/cmsy/m/n on input line 80.
LaTeX Font Info:    ... okay on input line 80.
LaTeX Font Info:    Checking defaults for OMX/cmex/m/n on input line 80.
LaTeX Font Info:    ... okay on input line 80.
LaTeX Font Info:    Checking defaults for U/cmr/m/n on input line 80.
LaTeX Font Info:    ... okay on input line 80.
LaTeX Font Info:    Checking defaults for PD1/pdf/m/n on input line 80.
LaTeX Font Info:    ... okay on input line 80.
Package hyperref Info: Link coloring ON on input line 80.

(/usr/intel/pkgs/teTeX/3.0/share/texmf/tex/latex/hyperref/nameref.sty
Package: nameref 2003/12/03 v2.21 Cross-referencing by name of section
\c@section@level=\count98
)
LaTeX Info: Redefining \ref on input line 80.
LaTeX Info: Redefining \pageref on input line 80.

(./api.out) (./api.out)
\openout3 = `api.out'.

LaTeX Font Info:    Try loading font information for U+msa on input line 95.

(/usr/intel/pkgs/teTeX/3.0/share/texmf/tex/latex/amsfonts/umsa.fd
File: umsa.fd 2002/01/19 v2.2g AMS font definitions
)
LaTeX Font Info:    Try loading font information for U+msb on input line 95.

(/usr/intel/pkgs/teTeX/3.0/share/texmf/tex/latex/amsfonts/umsb.fd
File: umsb.fd 2002/01/19 v2.2g AMS font definitions
) (./api.toc
[1

])
\tf@toc=\write5
\openout5 = `api.toc'.

 [2]
\openout2 = `hpl_tap-module.aux'.

 (./hpl_tap-module.tex
LaTeX Font Info:    Try loading font information for OMS+cmtt on input line 40.

LaTeX Font Info:    No file OMScmtt.fd. on input line 40.


LaTeX Font Warning: Font shape `OMS/cmtt/m/n' undefined
(Font)              using `OMS/cmsy/m/n' instead
(Font)              for symbol `textbraceleft' on input line 40.

) [3

]
\openout2 = `hpl_tap_dfx_api-module.aux'.

 (./hpl_tap_dfx_api-module.tex [4


]
Overfull \hbox (59.00017pt too wide) in paragraph at lines 380--381
[][][]\OT1/cmr/m/n/12 delattr[][](), [][]format[][](), [][]getattribute[][](), 
[][]hash[][](), [][]new[][](), [][]reduce[][](), [][]reduce[]ex[][](),
 []

) [5]
\openout2 = `hpl_tap_engine-module.aux'.

 (./hpl_tap_engine-module.tex
Overfull \hbox (60.22227pt too wide) in paragraph at lines 82--85
[]\OT1/cmr/bx/n/12 Known Sub-classes: \OT1/cmr/m/n/12 hpl[]tap[]engine.hpl[]Tap
Engine[]taplink, hpl[]tap[]engine.hpl[]TapEngine[]tapnetwork 
 []


Overfull \hbox (59.00017pt too wide) in paragraph at lines 111--112
[][][]\OT1/cmr/m/n/12 delattr[][](), [][]format[][](), [][]getattribute[][](), 
[][]hash[][](), [][]new[][](), [][]reduce[][](), [][]reduce[]ex[][](),
 []

[6


]
LaTeX Font Info:    Try loading font information for OMS+cmr on input line 114.

 (/usr/intel/pkgs/teTeX/3.0/share/texmf/tex/latex/base/omscmr.fd
File: omscmr.fd 1999/05/25 v2.5h Standard LaTeX font definitions
)
LaTeX Font Info:    Font shape `OMS/cmr/bx/it' in size <12> not available
(Font)              Font shape `OMS/cmsy/b/n' tried instead on input line 114.
 [7]
Overfull \hbox (59.00017pt too wide) in paragraph at lines 306--307
[][][]\OT1/cmr/m/n/12 delattr[][](), [][]format[][](), [][]getattribute[][](), 
[][]hash[][](), [][]new[][](), [][]reduce[][](), [][]reduce[]ex[][](),
 []


Overfull \hbox (68.44191pt too wide) in paragraph at lines 315--316
[]\OT1/cmr/m/n/12 TransactGotoState(), Trans-act-ShiftDr(), Trans-act-ShiftIr()
, close(), get[]final[]tap[]data[]register(),
 []


Overfull \hbox (15.04271pt too wide) in paragraph at lines 315--316
\OT1/cmr/m/n/12 send[]cmd(), trans-ac-tor[]label[]assignment(), trans-ac-tor[]s
trobe[]properties[]assignment() 
 []

[8]
Overfull \hbox (59.00017pt too wide) in paragraph at lines 403--404
[][][]\OT1/cmr/m/n/12 delattr[][](), [][]format[][](), [][]getattribute[][](), 
[][]hash[][](), [][]new[][](), [][]reduce[][](), [][]reduce[]ex[][](),
 []


Overfull \hbox (68.44191pt too wide) in paragraph at lines 412--413
[]\OT1/cmr/m/n/12 TransactGotoState(), Trans-act-ShiftDr(), Trans-act-ShiftIr()
, close(), get[]final[]tap[]data[]register(),
 []


Overfull \hbox (15.04271pt too wide) in paragraph at lines 412--413
\OT1/cmr/m/n/12 send[]cmd(), trans-ac-tor[]label[]assignment(), trans-ac-tor[]s
trobe[]properties[]assignment() 
 []

) [9]
\openout2 = `hpl_tap_engine_structs-module.aux'.

 (./hpl_tap_engine_structs-module.tex
Overfull \hbox (59.00017pt too wide) in paragraph at lines 107--108
[][][]\OT1/cmr/m/n/12 delattr[][](), [][]format[][](), [][]getattribute[][](), 
[][]hash[][](), [][]new[][](), [][]reduce[][](), [][]reduce[]ex[][](),
 []

[10


]
Overfull \hbox (59.00017pt too wide) in paragraph at lines 225--226
[][][]\OT1/cmr/m/n/12 delattr[][](), [][]format[][](), [][]getattribute[][](), 
[][]hash[][](), [][]new[][](), [][]reduce[][](), [][]reduce[]ex[][](),
 []

[11]
Overfull \hbox (59.00017pt too wide) in paragraph at lines 291--292
[][][]\OT1/cmr/m/n/12 delattr[][](), [][]format[][](), [][]getattribute[][](), 
[][]hash[][](), [][]new[][](), [][]reduce[][](), [][]reduce[]ex[][](),
 []

) [12]
\openout2 = `hpl_tap_spf_api-module.aux'.

 (./hpl_tap_spf_api-module.tex [13


]
Overfull \hbox (59.00017pt too wide) in paragraph at lines 283--284
[][][]\OT1/cmr/m/n/12 delattr[][](), [][]format[][](), [][]getattribute[][](), 
[][]hash[][](), [][]new[][](), [][]reduce[][](), [][]reduce[]ex[][](),
 []

[14]) [15]
\openout2 = `htd_hpl_itpp_interface-module.aux'.

 (./htd_hpl_itpp_interface-module.tex [16


]
Overfull \hbox (59.00017pt too wide) in paragraph at lines 367--368
[][][]\OT1/cmr/m/n/12 delattr[][](), [][]format[][](), [][]getattribute[][](), 
[][]hash[][](), [][]new[][](), [][]reduce[][](), [][]reduce[]ex[][](),
 []

[17]) [18]
\openout2 = `htd_hpl_signal_manager-module.aux'.

 (./htd_hpl_signal_manager-module.tex
Overfull \hbox (228.72438pt too wide) in paragraph at lines 82--85
[]\OT1/cmr/bx/n/12 Known Sub-classes: \OT1/cmr/m/n/12 htd[]hpl[]signal[]manager
.hpl[]SignalManager[]interactive, htd[]hpl[]signal[]manager.hpl[]SignalManager[
]non[]interactive 
 []

[19


]
Overfull \hbox (59.00017pt too wide) in paragraph at lines 215--216
[][][]\OT1/cmr/m/n/12 delattr[][](), [][]format[][](), [][]getattribute[][](), 
[][]hash[][](), [][]new[][](), [][]reduce[][](), [][]reduce[]ex[][](),
 []


Overfull \hbox (104.88358pt too wide) in paragraph at lines 245--264
[] 
 []

[20]
Overfull \hbox (59.00017pt too wide) in paragraph at lines 296--297
[][][]\OT1/cmr/m/n/12 delattr[][](), [][]format[][](), [][]getattribute[][](), 
[][]hash[][](), [][]new[][](), [][]reduce[][](), [][]reduce[]ex[][](),
 []


Overfull \hbox (131.49358pt too wide) in paragraph at lines 326--345
[] 
 []

[21]
Overfull \hbox (3.72365pt too wide) in paragraph at lines 486--487
[]\OT1/cmr/m/n/12 extract[]full[]signal[]path(), is[]interactive[]mode(), re-si
ze[]list(), sig-nal[]module[]exists() 
 []


Overfull \hbox (59.00017pt too wide) in paragraph at lines 492--493
[][][]\OT1/cmr/m/n/12 delattr[][](), [][]format[][](), [][]getattribute[][](), 
[][]hash[][](), [][]new[][](), [][]reduce[][](), [][]reduce[]ex[][](),
 []


Overfull \hbox (147.85661pt too wide) in paragraph at lines 522--552
[] 
 []

[22]
Overfull \hbox (22.90025pt too wide) in paragraph at lines 575--576
[]\OT1/cmr/bx/it/12 Inherited from htd[]hpl[]signal[]manager.hpl[]SignalManager
[]non[]interactive(Section
 []


Overfull \hbox (25.29121pt too wide) in paragraph at lines 578--579
[]\OT1/cmr/m/n/12 signal[]check(), sig-nal[]exists(), sig-nal[]force(), sig-nal
[]peek(), sig-nal[]poke(), sig-nal[]pulse(),
 []


Overfull \hbox (3.72365pt too wide) in paragraph at lines 584--585
[]\OT1/cmr/m/n/12 extract[]full[]signal[]path(), is[]interactive[]mode(), re-si
ze[]list(), sig-nal[]module[]exists() 
 []


Overfull \hbox (59.00017pt too wide) in paragraph at lines 590--591
[][][]\OT1/cmr/m/n/12 delattr[][](), [][]format[][](), [][]getattribute[][](), 
[][]hash[][](), [][]new[][](), [][]reduce[][](), [][]reduce[]ex[][](),
 []

) [23]
\openout2 = `htd_player_top-module.aux'.

 (./htd_player_top-module.tex) [24


]
\openout2 = `htd_player_ui-module.aux'.

 (./htd_player_ui-module.tex
Overfull \hbox (59.00017pt too wide) in paragraph at lines 107--108
[][][]\OT1/cmr/m/n/12 delattr[][](), [][]format[][](), [][]getattribute[][](), 
[][]hash[][](), [][]new[][](), [][]reduce[][](), [][]reduce[]ex[][](),
 []

[25


] [26]
Overfull \hbox (59.00017pt too wide) in paragraph at lines 446--447
[][][]\OT1/cmr/m/n/12 delattr[][](), [][]format[][](), [][]getattribute[][](), 
[][]hash[][](), [][]new[][](), [][]reduce[][](), [][]reduce[]ex[][](),
 []

) [27] (./api.ind
Overfull \hbox (1.32489pt too wide) in paragraph at lines 12--14
[]| \OT1/cmr/m/n/12 hpl[]tap[]dfx[]api.HplTapDfxApi \OT1/cmr/m/it/12 (class)\OT
1/cmr/m/n/12 , [][][][][][]--
 []


Overfull \hbox (36.48453pt too wide) in paragraph at lines 14--16
[]| \OT1/cmr/m/n/12 hpl[]tap[]dfx[]api.HplTapDfxApi.close \OT1/cmr/m/it/12 (met
hod)\OT1/cmr/m/n/12 ,
 []


Overfull \hbox (56.08315pt too wide) in paragraph at lines 16--18
[]| \OT1/cmr/m/n/12 hpl[]tap[]dfx[]api.HplTapDfxApi.get[]dr[]total[]length
 []


Overfull \hbox (20.58546pt too wide) in paragraph at lines 18--20
[]| \OT1/cmr/m/n/12 hpl[]tap[]dfx[]api.HplTapDfxApi.get[]field[]lsb
 []


Overfull \hbox (27.11317pt too wide) in paragraph at lines 20--22
[]| \OT1/cmr/m/n/12 hpl[]tap[]dfx[]api.HplTapDfxApi.get[]field[]msb
 []


Overfull \hbox (61.0442pt too wide) in paragraph at lines 22--24
[]| \OT1/cmr/m/n/12 hpl[]tap[]dfx[]api.HplTapDfxApi.get[]field[]reset[]value
 []


Overfull \hbox (71.81493pt too wide) in paragraph at lines 24--26
[]| \OT1/cmr/m/n/12 hpl[]tap[]dfx[]api.HplTapDfxApi.get[]final[]data[]register
 []


Overfull \hbox (12.36055pt too wide) in paragraph at lines 26--28
[]| \OT1/cmr/m/n/12 hpl[]tap[]dfx[]api.HplTapDfxApi.get[]full[]dr
 []


Overfull \hbox (32.257pt too wide) in paragraph at lines 28--30
[]| \OT1/cmr/m/n/12 hpl[]tap[]dfx[]api.HplTapDfxApi.get[]full[]dr[]old
 []


Overfull \hbox (18.62715pt too wide) in paragraph at lines 30--32
[]| \OT1/cmr/m/n/12 hpl[]tap[]dfx[]api.HplTapDfxApi.get[]ir[]fields
 []


Overfull \hbox (19.86742pt too wide) in paragraph at lines 32--34
[]| \OT1/cmr/m/n/12 hpl[]tap[]dfx[]api.HplTapDfxApi.get[]ir[]name
 []


Overfull \hbox (46.61797pt too wide) in paragraph at lines 34--36
[]| \OT1/cmr/m/n/12 hpl[]tap[]dfx[]api.HplTapDfxApi.get[]ir[]opcode[]int
 []


Overfull \hbox (62.02336pt too wide) in paragraph at lines 36--38
[]| \OT1/cmr/m/n/12 hpl[]tap[]dfx[]api.HplTapDfxApi.get[]ir[]opcode[]string
 []


Overfull \hbox (10.7939pt too wide) in paragraph at lines 38--40
[]| \OT1/cmr/m/n/12 hpl[]tap[]dfx[]api.HplTapDfxApi.get[]ir[]size
 []


Overfull \hbox (42.06163pt too wide) in paragraph at lines 40--42
[]| \OT1/cmr/m/n/12 hpl[]tap[]dfx[]api.HplTapDfxApi.get[]rtl[]endpoint
 []


Overfull \hbox (43.68109pt too wide) in paragraph at lines 42--44
[]| \OT1/cmr/m/n/12 hpl[]tap[]dfx[]api.HplTapDfxApi.get[]tap[]PARDR
 []


Overfull \hbox (38.94641pt too wide) in paragraph at lines 44--46
[]| \OT1/cmr/m/n/12 hpl[]tap[]dfx[]api.HplTapDfxApi.get[]tap[]PARIR
 []


Overfull \hbox (42.37971pt too wide) in paragraph at lines 46--48
[]| \OT1/cmr/m/n/12 hpl[]tap[]dfx[]api.HplTapDfxApi.get[]tap[]SERDR
 []


Overfull \hbox (37.64503pt too wide) in paragraph at lines 48--50
[]| \OT1/cmr/m/n/12 hpl[]tap[]dfx[]api.HplTapDfxApi.get[]tap[]SERIR
 []


Overfull \hbox (63.73363pt too wide) in paragraph at lines 50--52
[]| \OT1/cmr/m/n/12 hpl[]tap[]dfx[]api.HplTapDfxApi.get[]tap[]transactions
 []


Overfull \hbox (103.52654pt too wide) in paragraph at lines 52--54
[]| \OT1/cmr/m/n/12 hpl[]tap[]dfx[]api.HplTapDfxApi.remove[]last[]line[]from[]s
tring
 []


Overfull \hbox (67.71553pt too wide) in paragraph at lines 54--56
[]| \OT1/cmr/m/n/12 hpl[]tap[]dfx[]api.HplTapDfxApi.send[]receive[]message
 []


Overfull \hbox (23.57965pt too wide) in paragraph at lines 57--59
[]| \OT1/cmr/m/n/12 hpl[]tap[]engine.hpl[]TapEngine[]taplink \OT1/cmr/m/it/12 (
class)\OT1/cmr/m/n/12 ,
 []


Overfull \hbox (93.9522pt too wide) in paragraph at lines 59--61
[]| \OT1/cmr/m/n/12 hpl[]tap[]engine.hpl[]TapEngine[]taplink.verify[]tap[]eptar
get
 []


Overfull \hbox (5.6458pt too wide) in paragraph at lines 61--63
[]| \OT1/cmr/m/n/12 hpl[]tap[]engine.hpl[]TapEngine[]tapnetwork
 []


Overfull \hbox (115.49364pt too wide) in paragraph at lines 63--65
[]| \OT1/cmr/m/n/12 hpl[]tap[]engine.hpl[]TapEngine[]tapnetwork.verify[]tap[]ep
target
 []


Overfull \hbox (30.9532pt too wide) in paragraph at lines 67--69
[]| \OT1/cmr/m/n/12 hpl[]tap[]engine.HplTapEngine.close \OT1/cmr/m/it/12 (metho
d)\OT1/cmr/m/n/12 ,
 []


Overfull \hbox (87.4856pt too wide) in paragraph at lines 69--71
[]| \OT1/cmr/m/n/12 hpl[]tap[]engine.HplTapEngine.get[]final[]tap[]data[]regist
er
 []


Overfull \hbox (3.6437pt too wide) in paragraph at lines 71--73
[]| \OT1/cmr/m/n/12 hpl[]tap[]engine.HplTapEngine.send[]cmd
 []


Overfull \hbox (52.04239pt too wide) in paragraph at lines 73--75
[]| \OT1/cmr/m/n/12 hpl[]tap[]engine.HplTapEngine.TransactGotoState
 []


Overfull \hbox (96.78107pt too wide) in paragraph at lines 75--77
[]| \OT1/cmr/m/n/12 hpl[]tap[]engine.HplTapEngine.transactor[]label[]assignment

 []


Overfull \hbox (159.56458pt too wide) in paragraph at lines 77--79
[]| \OT1/cmr/m/n/12 hpl[]tap[]engine.HplTapEngine.transactor[]strobe[]propertie
s[]assignment
 []


Overfull \hbox (37.76198pt too wide) in paragraph at lines 79--81
[]| \OT1/cmr/m/n/12 hpl[]tap[]engine.HplTapEngine.TransactShiftDr
 []


Overfull \hbox (33.0273pt too wide) in paragraph at lines 81--83
[]| \OT1/cmr/m/n/12 hpl[]tap[]engine.HplTapEngine.TransactShiftIr
 []


Overfull \hbox (17.0736pt too wide) in paragraph at lines 84--86
[]| \OT1/cmr/m/n/12 hpl[]tap[]engine[]structs.hpl[]ta[]history \OT1/cmr/m/it/12
 (class)\OT1/cmr/m/n/12 ,
 []


Overfull \hbox (8.81335pt too wide) in paragraph at lines 86--88
[]| \OT1/cmr/m/n/12 hpl[]tap[]engine[]structs.hpl[]ta[]history.add
 []


Overfull \hbox (5.5495pt too wide) in paragraph at lines 88--90
[]| \OT1/cmr/m/n/12 hpl[]tap[]engine[]structs.hpl[]ta[]history.get
 []


Overfull \hbox (6.92032pt too wide) in paragraph at lines 90--92
[]| \OT1/cmr/m/n/12 hpl[]tap[]engine[]structs.hpl[]ta[]history.has
 []

[28


]
Overfull \hbox (32.69171pt too wide) in paragraph at lines 92--94
[]| \OT1/cmr/m/n/12 hpl[]tap[]engine[]structs.hpl[]ta[]history.has[]field
 []


Overfull \hbox (22.62643pt too wide) in paragraph at lines 94--96
[]| \OT1/cmr/m/n/12 hpl[]tap[]engine[]structs.hpl[]tap[]engine[]params
 []


Overfull \hbox (31.76523pt too wide) in paragraph at lines 96--98
[]| \OT1/cmr/m/n/12 hpl[]tap[]engine[]structs.hpl[]tap[]transactor[]entry
 []


Overfull \hbox (6.54028pt too wide) in paragraph at lines 99--101
[]| \OT1/cmr/m/n/12 hpl[]tap[]spf[]api.get[]tap[]transactions \OT1/cmr/m/it/12 
(func-
 []


Overfull \hbox (3.51375pt too wide) in paragraph at lines 101--103
[]| \OT1/cmr/m/n/12 hpl[]tap[]spf[]api.HplTapSpfApi \OT1/cmr/m/it/12 (class)\OT
1/cmr/m/n/12 , [][][][][][]--
 []


Overfull \hbox (32.79845pt too wide) in paragraph at lines 103--105
[]| \OT1/cmr/m/n/12 hpl[]tap[]spf[]api.HplTapSpfApi.close \OT1/cmr/m/it/12 (met
hod)\OT1/cmr/m/n/12 ,
 []


Overfull \hbox (52.39706pt too wide) in paragraph at lines 105--107
[]| \OT1/cmr/m/n/12 hpl[]tap[]spf[]api.HplTapSpfApi.get[]dr[]total[]length
 []


Overfull \hbox (16.89938pt too wide) in paragraph at lines 107--109
[]| \OT1/cmr/m/n/12 hpl[]tap[]spf[]api.HplTapSpfApi.get[]field[]lsb
 []


Overfull \hbox (23.4271pt too wide) in paragraph at lines 109--111
[]| \OT1/cmr/m/n/12 hpl[]tap[]spf[]api.HplTapSpfApi.get[]field[]msb
 []


Overfull \hbox (57.35812pt too wide) in paragraph at lines 111--113
[]| \OT1/cmr/m/n/12 hpl[]tap[]spf[]api.HplTapSpfApi.get[]field[]reset[]value
 []


Overfull \hbox (8.67447pt too wide) in paragraph at lines 113--115
[]| \OT1/cmr/m/n/12 hpl[]tap[]spf[]api.HplTapSpfApi.get[]full[]dr
 []


Overfull \hbox (28.57092pt too wide) in paragraph at lines 115--117
[]| \OT1/cmr/m/n/12 hpl[]tap[]spf[]api.HplTapSpfApi.get[]full[]dr[]old
 []


Overfull \hbox (14.94107pt too wide) in paragraph at lines 117--119
[]| \OT1/cmr/m/n/12 hpl[]tap[]spf[]api.HplTapSpfApi.get[]ir[]fields
 []


Overfull \hbox (24.66736pt too wide) in paragraph at lines 119--121
[]| \OT1/cmr/m/n/12 hpl[]tap[]spf[]api.HplTapSpfApi.get[]ir[]opcode
 []


Overfull \hbox (38.37555pt too wide) in paragraph at lines 121--123
[]| \OT1/cmr/m/n/12 hpl[]tap[]spf[]api.HplTapSpfApi.get[]rtl[]endpoint
 []


Overfull \hbox (39.99501pt too wide) in paragraph at lines 123--125
[]| \OT1/cmr/m/n/12 hpl[]tap[]spf[]api.HplTapSpfApi.get[]tap[]PARDR
 []


Overfull \hbox (35.26033pt too wide) in paragraph at lines 125--127
[]| \OT1/cmr/m/n/12 hpl[]tap[]spf[]api.HplTapSpfApi.get[]tap[]PARIR
 []


Overfull \hbox (33.19704pt too wide) in paragraph at lines 128--130
[]| \OT1/cmr/m/n/12 htd[]hpl[]itpp[]interface.hpl[]itpp[]interface \OT1/cmr/m/i
t/12 (class)\OT1/cmr/m/n/12 ,
 []


Overfull \hbox (76.81903pt too wide) in paragraph at lines 130--132
[]| \OT1/cmr/m/n/12 htd[]hpl[]itpp[]interface.hpl[]itpp[]interface.add[]comment

 []


Overfull \hbox (68.39828pt too wide) in paragraph at lines 132--134
[]| \OT1/cmr/m/n/12 htd[]hpl[]itpp[]interface.hpl[]itpp[]interface.check[]signa
l
 []


Overfull \hbox (71.91019pt too wide) in paragraph at lines 134--136
[]| \OT1/cmr/m/n/12 htd[]hpl[]itpp[]interface.hpl[]itpp[]interface.check[]tap[]
ep
 []


Overfull \hbox (31.46451pt too wide) in paragraph at lines 136--138
[]| \OT1/cmr/m/n/12 htd[]hpl[]itpp[]interface.hpl[]itpp[]interface.label
 []


Overfull \hbox (86.9892pt too wide) in paragraph at lines 138--140
[]| \OT1/cmr/m/n/12 htd[]hpl[]itpp[]interface.hpl[]itpp[]interface.set[]pattern
[]info
 []


Overfull \hbox (55.08176pt too wide) in paragraph at lines 140--142
[]| \OT1/cmr/m/n/12 htd[]hpl[]itpp[]interface.hpl[]itpp[]interface.set[]signal
 []


Overfull \hbox (85.48782pt too wide) in paragraph at lines 142--144
[]| \OT1/cmr/m/n/12 htd[]hpl[]itpp[]interface.hpl[]itpp[]interface.set[]signal[
]pulse
 []


Overfull \hbox (45.00743pt too wide) in paragraph at lines 144--146
[]| \OT1/cmr/m/n/12 htd[]hpl[]itpp[]interface.hpl[]itpp[]interface.ShiftDr
 []


Overfull \hbox (40.27275pt too wide) in paragraph at lines 146--148
[]| \OT1/cmr/m/n/12 htd[]hpl[]itpp[]interface.hpl[]itpp[]interface.ShiftIr
 []


Overfull \hbox (65.13443pt too wide) in paragraph at lines 148--150
[]| \OT1/cmr/m/n/12 htd[]hpl[]itpp[]interface.hpl[]itpp[]interface.signal[]forc
e
 []


Overfull \hbox (64.15527pt too wide) in paragraph at lines 150--152
[]| \OT1/cmr/m/n/12 htd[]hpl[]itpp[]interface.hpl[]itpp[]interface.signal[]peek

 []


Overfull \hbox (64.48166pt too wide) in paragraph at lines 152--154
[]| \OT1/cmr/m/n/12 htd[]hpl[]itpp[]interface.hpl[]itpp[]interface.signal[]poke

 []


Overfull \hbox (78.18985pt too wide) in paragraph at lines 154--156
[]| \OT1/cmr/m/n/12 htd[]hpl[]itpp[]interface.hpl[]itpp[]interface.signal[]unfo
rce
 []


Overfull \hbox (62.52335pt too wide) in paragraph at lines 156--158
[]| \OT1/cmr/m/n/12 htd[]hpl[]itpp[]interface.hpl[]itpp[]interface.signal[]wait

 []


Overfull \hbox (177.4502pt too wide) in paragraph at lines 158--160
[]| \OT1/cmr/m/n/12 htd[]hpl[]itpp[]interface.hpl[]itpp[]interface.tap[]paramet
ers[]instrumetal[]print
 []


Overfull \hbox (56.90952pt too wide) in paragraph at lines 160--162
[]| \OT1/cmr/m/n/12 htd[]hpl[]itpp[]interface.hpl[]itpp[]interface.tap[]verify
 []


Overfull \hbox (46.53046pt too wide) in paragraph at lines 162--164
[]| \OT1/cmr/m/n/12 htd[]hpl[]itpp[]interface.hpl[]itpp[]interface.to[]state
 []


Overfull \hbox (85.94476pt too wide) in paragraph at lines 164--166
[]| \OT1/cmr/m/n/12 htd[]hpl[]itpp[]interface.hpl[]itpp[]interface.wait[]clock[
]edge
 []


Overfull \hbox (101.28488pt too wide) in paragraph at lines 166--168
[]| \OT1/cmr/m/n/12 htd[]hpl[]itpp[]interface.hpl[]itpp[]interface.wait[]clock[
]modulo
 []


Overfull \hbox (85.61838pt too wide) in paragraph at lines 168--170
[]| \OT1/cmr/m/n/12 htd[]hpl[]itpp[]interface.hpl[]itpp[]interface.wait[]clock[
]num
 []


Overfull \hbox (9.46242pt too wide) in paragraph at lines 171--173
[]| \OT1/cmr/m/n/12 htd[]hpl[]signal[]manager.hpl[]SignalManager
 []


Overfull \hbox (141.2303pt too wide) in paragraph at lines 173--175
[]| \OT1/cmr/m/n/12 htd[]hpl[]signal[]manager.hpl[]SignalManager.extract[]full[
]signal[]path
 []


Overfull \hbox (120.68108pt too wide) in paragraph at lines 175--177
[]| \OT1/cmr/m/n/12 htd[]hpl[]signal[]manager.hpl[]SignalManager.is[]interactiv
e[]mode
 []


Overfull \hbox (70.82243pt too wide) in paragraph at lines 177--179
[]| \OT1/cmr/m/n/12 htd[]hpl[]signal[]manager.hpl[]SignalManager.resize[]list
 []

[29]
Overfull \hbox (84.13896pt too wide) in paragraph at lines 179--181
[]| \OT1/cmr/m/n/12 htd[]hpl[]signal[]manager.hpl[]SignalManager.signal[]check
 []


Overfull \hbox (84.92229pt too wide) in paragraph at lines 181--183
[]| \OT1/cmr/m/n/12 htd[]hpl[]signal[]manager.hpl[]SignalManager.signal[]exists

 []


Overfull \hbox (126.68657pt too wide) in paragraph at lines 183--185
[]| \OT1/cmr/m/n/12 htd[]hpl[]signal[]manager.hpl[]SignalManager.signal[]module
[]exists
 []


Overfull \hbox (79.89595pt too wide) in paragraph at lines 185--187
[]| \OT1/cmr/m/n/12 htd[]hpl[]signal[]manager.hpl[]SignalManager.signal[]peek
 []


Overfull \hbox (80.22234pt too wide) in paragraph at lines 187--189
[]| \OT1/cmr/m/n/12 htd[]hpl[]signal[]manager.hpl[]SignalManager.signal[]poke
 []


Overfull \hbox (67.54597pt too wide) in paragraph at lines 189--191
[]| \OT1/cmr/m/n/12 htd[]hpl[]signal[]manager.hpl[]SignalManager[]interactive
 []


Overfull \hbox (34.58104pt too wide) in paragraph at lines 191--193
[]| \OT1/cmr/m/n/12 htd[]hpl[]signal[]manager.hpl[]SignalManager[]itpp
 []


Overfull \hbox (90.70628pt too wide) in paragraph at lines 193--195
[]| \OT1/cmr/m/n/12 htd[]hpl[]signal[]manager.hpl[]SignalManager[]non[]interact
ive
 []


Overfull \hbox (162.11897pt too wide) in paragraph at lines 195--197
[]| \OT1/cmr/m/n/12 htd[]hpl[]signal[]manager.hpl[]SignalManager[]non[]interact
ive.signal[]force
 []


Overfull \hbox (163.81618pt too wide) in paragraph at lines 197--199
[]| \OT1/cmr/m/n/12 htd[]hpl[]signal[]manager.hpl[]SignalManager[]non[]interact
ive.signal[]pulse
 []


Overfull \hbox (183.12514pt too wide) in paragraph at lines 199--201
[]| \OT1/cmr/m/n/12 htd[]hpl[]signal[]manager.hpl[]SignalManager[]non[]interact
ive.signal[]serial[]set
 []


Overfull \hbox (175.1744pt too wide) in paragraph at lines 201--203
[]| \OT1/cmr/m/n/12 htd[]hpl[]signal[]manager.hpl[]SignalManager[]non[]interact
ive.signal[]unforce
 []


Overfull \hbox (159.50789pt too wide) in paragraph at lines 203--205
[]| \OT1/cmr/m/n/12 htd[]hpl[]signal[]manager.hpl[]SignalManager[]non[]interact
ive.signal[]wait
 []


Overfull \hbox (9.59668pt too wide) in paragraph at lines 209--211
[]| \OT1/cmr/m/n/12 htd[]player[]ui.htd[]player[]ui.add[]comment
 []


Overfull \hbox (15.7564pt too wide) in paragraph at lines 211--213
[]| \OT1/cmr/m/n/12 htd[]player[]ui.htd[]player[]ui.close \OT1/cmr/m/it/12 (met
hod)\OT1/cmr/m/n/12 ,
 []


Overfull \hbox (37.70499pt too wide) in paragraph at lines 213--215
[]| \OT1/cmr/m/n/12 htd[]player[]ui.htd[]player[]ui.get[]full[]signal[]path
 []


Overfull \hbox (50.91463pt too wide) in paragraph at lines 215--217
[]| \OT1/cmr/m/n/12 htd[]player[]ui.htd[]player[]ui.get[]ir[]name \OT1/cmr/m/it
/12 (method)\OT1/cmr/m/n/12 ,
 []


Overfull \hbox (25.88983pt too wide) in paragraph at lines 217--219
[]| \OT1/cmr/m/n/12 htd[]player[]ui.htd[]player[]ui.get[]ir[]opcode[]int
 []


Overfull \hbox (22.70432pt too wide) in paragraph at lines 219--221
[]| \OT1/cmr/m/n/12 htd[]player[]ui.htd[]player[]ui.get[]tapreg[]fields
 []


Overfull \hbox (19.76685pt too wide) in paragraph at lines 221--223
[]| \OT1/cmr/m/n/12 htd[]player[]ui.htd[]player[]ui.set[]pattern[]info
 []


Overfull \hbox (1.17593pt too wide) in paragraph at lines 223--225
[]| \OT1/cmr/m/n/12 htd[]player[]ui.htd[]player[]ui.signal[]check
 []


Overfull \hbox (49.68742pt too wide) in paragraph at lines 225--227
[]| \OT1/cmr/m/n/12 htd[]player[]ui.htd[]player[]ui.signal[]force \OT1/cmr/m/it
/12 (method)\OT1/cmr/m/n/12 ,
 []


Overfull \hbox (43.72354pt too wide) in paragraph at lines 227--229
[]| \OT1/cmr/m/n/12 htd[]player[]ui.htd[]player[]ui.signal[]module[]exists
 []


Overfull \hbox (48.70827pt too wide) in paragraph at lines 229--231
[]| \OT1/cmr/m/n/12 htd[]player[]ui.htd[]player[]ui.signal[]peek \OT1/cmr/m/it/
12 (method)\OT1/cmr/m/n/12 ,
 []


Overfull \hbox (49.03465pt too wide) in paragraph at lines 231--233
[]| \OT1/cmr/m/n/12 htd[]player[]ui.htd[]player[]ui.signal[]poke \OT1/cmr/m/it/
12 (method)\OT1/cmr/m/n/12 ,
 []


Overfull \hbox (51.38463pt too wide) in paragraph at lines 233--235
[]| \OT1/cmr/m/n/12 htd[]player[]ui.htd[]player[]ui.signal[]pulse \OT1/cmr/m/it
/12 (method)\OT1/cmr/m/n/12 ,
 []


Overfull \hbox (18.91824pt too wide) in paragraph at lines 235--237
[]| \OT1/cmr/m/n/12 htd[]player[]ui.htd[]player[]ui.signal[]serial[]set
 []


Overfull \hbox (10.9675pt too wide) in paragraph at lines 237--239
[]| \OT1/cmr/m/n/12 htd[]player[]ui.htd[]player[]ui.signal[]unforce
 []


Overfull \hbox (47.07634pt too wide) in paragraph at lines 239--241
[]| \OT1/cmr/m/n/12 htd[]player[]ui.htd[]player[]ui.signal[]wait \OT1/cmr/m/it/
12 (method)\OT1/cmr/m/n/12 ,
 []


Overfull \hbox (49.45486pt too wide) in paragraph at lines 241--243
[]| \OT1/cmr/m/n/12 htd[]player[]ui.htd[]player[]ui.sync[]to[]clock[]modulo
 []


Overfull \hbox (9.6489pt too wide) in paragraph at lines 243--245
[]| \OT1/cmr/m/n/12 htd[]player[]ui.htd[]player[]ui.tap[]send[]cmd
 []


Overfull \hbox (36.34723pt too wide) in paragraph at lines 245--247
[]| \OT1/cmr/m/n/12 htd[]player[]ui.htd[]player[]ui.verify[]tap[]eptarget
 []


Overfull \hbox (18.72241pt too wide) in paragraph at lines 247--249
[]| \OT1/cmr/m/n/12 htd[]player[]ui.htd[]player[]ui.wait[]clock[]edge
 []


Overfull \hbox (18.39603pt too wide) in paragraph at lines 249--251
[]| \OT1/cmr/m/n/12 htd[]player[]ui.htd[]player[]ui.wait[]clock[]num
 []

[30]) (./api.aux (./hpl_tap-module.aux) (./hpl_tap_dfx_api-module.aux)
(./hpl_tap_engine-module.aux) (./hpl_tap_engine_structs-module.aux)
(./hpl_tap_spf_api-module.aux) (./htd_hpl_itpp_interface-module.aux)
(./htd_hpl_signal_manager-module.aux) (./htd_player_top-module.aux)
(./htd_player_ui-module.aux))

LaTeX Font Warning: Some font shapes were not available, defaults substituted.


LaTeX Warning: Label(s) may have changed. Rerun to get cross-references right.

 ) 
Here is how much of TeX's memory you used:
 3567 strings out of 94501
 53845 string characters out of 1173366
 116207 words of memory out of 1000000
 6608 multiletter control sequences out of 10000+50000
 14153 words of font info for 54 fonts, out of 500000 for 2000
 580 hyphenation exceptions out of 1000
 30i,13n,43p,374b,329s stack positions out of 1500i,500n,5000p,200000b,5000s

Output written on api.dvi (30 pages, 232888 bytes).
