\BOOKMARK [1][-]{section*.2}{Contents}{}
\BOOKMARK [1][-]{section.1}{Module hpl\137tap}{}
\BOOKMARK [2][-]{subsection.1.1}{Variables}{section.1}
\BOOKMARK [2][-]{subsection.1.2}{Class HplTap}{section.1}
\BOOKMARK [3][-]{subsubsection.1.2.1}{Methods}{subsection.1.2}
\BOOKMARK [1][-]{section.2}{Module hpl\137tap\137dfx\137api}{}
\BOOKMARK [2][-]{subsection.2.1}{Variables}{section.2}
\BOOKMARK [2][-]{subsection.2.2}{Class HplTapDfxApi}{section.2}
\BOOKMARK [3][-]{subsubsection.2.2.1}{Methods}{subsection.2.2}
\BOOKMARK [3][-]{subsubsection.2.2.2}{Properties}{subsection.2.2}
\BOOKMARK [1][-]{section.3}{Module hpl\137tap\137engine}{}
\BOOKMARK [2][-]{subsection.3.1}{Variables}{section.3}
\BOOKMARK [2][-]{subsection.3.2}{Class HplTapEngine}{section.3}
\BOOKMARK [3][-]{subsubsection.3.2.1}{Methods}{subsection.3.2}
\BOOKMARK [3][-]{subsubsection.3.2.2}{Properties}{subsection.3.2}
\BOOKMARK [2][-]{subsection.3.3}{Class hpl\137TapEngine\137taplink}{section.3}
\BOOKMARK [3][-]{subsubsection.3.3.1}{Methods}{subsection.3.3}
\BOOKMARK [3][-]{subsubsection.3.3.2}{Properties}{subsection.3.3}
\BOOKMARK [2][-]{subsection.3.4}{Class hpl\137TapEngine\137tapnetwork}{section.3}
\BOOKMARK [3][-]{subsubsection.3.4.1}{Methods}{subsection.3.4}
\BOOKMARK [3][-]{subsubsection.3.4.2}{Properties}{subsection.3.4}
\BOOKMARK [1][-]{section.4}{Module hpl\137tap\137engine\137structs}{}
\BOOKMARK [2][-]{subsection.4.1}{Variables}{section.4}
\BOOKMARK [2][-]{subsection.4.2}{Class hpl\137tap\137transactor\137entry}{section.4}
\BOOKMARK [3][-]{subsubsection.4.2.1}{Methods}{subsection.4.2}
\BOOKMARK [3][-]{subsubsection.4.2.2}{Properties}{subsection.4.2}
\BOOKMARK [2][-]{subsection.4.3}{Class hpl\137ta\137history}{section.4}
\BOOKMARK [3][-]{subsubsection.4.3.1}{Methods}{subsection.4.3}
\BOOKMARK [3][-]{subsubsection.4.3.2}{Properties}{subsection.4.3}
\BOOKMARK [2][-]{subsection.4.4}{Class hpl\137tap\137engine\137params}{section.4}
\BOOKMARK [3][-]{subsubsection.4.4.1}{Methods}{subsection.4.4}
\BOOKMARK [3][-]{subsubsection.4.4.2}{Properties}{subsection.4.4}
\BOOKMARK [1][-]{section.5}{Module hpl\137tap\137spf\137api}{}
\BOOKMARK [2][-]{subsection.5.1}{Functions}{section.5}
\BOOKMARK [2][-]{subsection.5.2}{Variables}{section.5}
\BOOKMARK [2][-]{subsection.5.3}{Class HplTapSpfApi}{section.5}
\BOOKMARK [3][-]{subsubsection.5.3.1}{Methods}{subsection.5.3}
\BOOKMARK [3][-]{subsubsection.5.3.2}{Properties}{subsection.5.3}
\BOOKMARK [1][-]{section.6}{Module htd\137hpl\137itpp\137interface}{}
\BOOKMARK [2][-]{subsection.6.1}{Variables}{section.6}
\BOOKMARK [2][-]{subsection.6.2}{Class hpl\137itpp\137interface}{section.6}
\BOOKMARK [3][-]{subsubsection.6.2.1}{Methods}{subsection.6.2}
\BOOKMARK [3][-]{subsubsection.6.2.2}{Properties}{subsection.6.2}
\BOOKMARK [1][-]{section.7}{Module htd\137hpl\137signal\137manager}{}
\BOOKMARK [2][-]{subsection.7.1}{Variables}{section.7}
\BOOKMARK [2][-]{subsection.7.2}{Class hpl\137SignalManager}{section.7}
\BOOKMARK [3][-]{subsubsection.7.2.1}{Methods}{subsection.7.2}
\BOOKMARK [3][-]{subsubsection.7.2.2}{Properties}{subsection.7.2}
\BOOKMARK [2][-]{subsection.7.3}{Class hpl\137SignalManager\137interactive}{section.7}
\BOOKMARK [3][-]{subsubsection.7.3.1}{Methods}{subsection.7.3}
\BOOKMARK [3][-]{subsubsection.7.3.2}{Properties}{subsection.7.3}
\BOOKMARK [2][-]{subsection.7.4}{Class hpl\137SignalManager\137non\137interactive}{section.7}
\BOOKMARK [3][-]{subsubsection.7.4.1}{Methods}{subsection.7.4}
\BOOKMARK [3][-]{subsubsection.7.4.2}{Properties}{subsection.7.4}
\BOOKMARK [2][-]{subsection.7.5}{Class hpl\137SignalManager\137itpp}{section.7}
\BOOKMARK [3][-]{subsubsection.7.5.1}{Methods}{subsection.7.5}
\BOOKMARK [3][-]{subsubsection.7.5.2}{Properties}{subsection.7.5}
\BOOKMARK [1][-]{section.8}{Module htd\137player\137top}{}
\BOOKMARK [2][-]{subsection.8.1}{Variables}{section.8}
\BOOKMARK [1][-]{section.9}{Module htd\137player\137ui}{}
\BOOKMARK [2][-]{subsection.9.1}{Variables}{section.9}
\BOOKMARK [2][-]{subsection.9.2}{Class htd\137tap\137params}{section.9}
\BOOKMARK [3][-]{subsubsection.9.2.1}{Methods}{subsection.9.2}
\BOOKMARK [3][-]{subsubsection.9.2.2}{Properties}{subsection.9.2}
\BOOKMARK [2][-]{subsection.9.3}{Class htd\137player\137ui}{section.9}
\BOOKMARK [3][-]{subsubsection.9.3.1}{Methods}{subsection.9.3}
\BOOKMARK [3][-]{subsubsection.9.3.2}{Properties}{subsection.9.3}
\BOOKMARK [1][-]{section*.4}{Index}{}
